
*** Running vivado
    with args -log lab3_example.vdi -applog -m64 -product Vivado -messageDb vivado.pb -mode batch -source lab3_example.tcl -notrace



****** Vivado v2022.2 (64-bit)
  **** SW Build 3671981 on Fri Oct 14 05:00:03 MDT 2022
  **** IP Build 3669848 on Fri Oct 14 08:30:02 MDT 2022
    ** Copyright 1986-2022 Xilinx, Inc. All Rights Reserved.

source lab3_example.tcl -notrace
Command: link_design -top lab3_example -part xc7a75tfgg484-1
Design is defaulting to srcset: sources_1
Design is defaulting to constrset: constrs_1
INFO: [Device 21-403] Loading part xc7a75tfgg484-1
Netlist sorting complete. Time (s): cpu = 00:00:00 ; elapsed = 00:00:00 . Memory (MB): peak = 1424.934 ; gain = 0.000
INFO: [Netlist 29-17] Analyzing 9 Unisim elements for replacement
INFO: [Netlist 29-28] Unisim Transformation completed in 0 CPU seconds
INFO: [Project 1-479] Netlist was created with Vivado 2022.2
INFO: [Project 1-570] Preparing netlist for logic optimization
Parsing XDC File [U:/Desktop/ECE437/Lab3/xem7310_v1.xdc]
WARNING: [Vivado 12-584] No ports matched 'okHU[0]'. [U:/Desktop/ECE437/Lab3/xem7310_v1.xdc:18]
CRITICAL WARNING: [Common 17-55] 'set_property' expects at least one object. [U:/Desktop/ECE437/Lab3/xem7310_v1.xdc:18]
Resolution: If [get_<value>] was used to populate the object, check to make sure this command returns at least one valid object.
WARNING: [Vivado 12-584] No ports matched 'okHU[1]'. [U:/Desktop/ECE437/Lab3/xem7310_v1.xdc:19]
CRITICAL WARNING: [Common 17-55] 'set_property' expects at least one object. [U:/Desktop/ECE437/Lab3/xem7310_v1.xdc:19]
Resolution: If [get_<value>] was used to populate the object, check to make sure this command returns at least one valid object.
WARNING: [Vivado 12-584] No ports matched 'okHU[2]'. [U:/Desktop/ECE437/Lab3/xem7310_v1.xdc:20]
CRITICAL WARNING: [Common 17-55] 'set_property' expects at least one object. [U:/Desktop/ECE437/Lab3/xem7310_v1.xdc:20]
Resolution: If [get_<value>] was used to populate the object, check to make sure this command returns at least one valid object.
WARNING: [Vivado 12-584] No ports matched 'okHU[*]'. [U:/Desktop/ECE437/Lab3/xem7310_v1.xdc:21]
CRITICAL WARNING: [Common 17-55] 'set_property' expects at least one object. [U:/Desktop/ECE437/Lab3/xem7310_v1.xdc:21]
Resolution: If [get_<value>] was used to populate the object, check to make sure this command returns at least one valid object.
WARNING: [Vivado 12-584] No ports matched 'okHU[*]'. [U:/Desktop/ECE437/Lab3/xem7310_v1.xdc:22]
CRITICAL WARNING: [Common 17-55] 'set_property' expects at least one object. [U:/Desktop/ECE437/Lab3/xem7310_v1.xdc:22]
Resolution: If [get_<value>] was used to populate the object, check to make sure this command returns at least one valid object.
WARNING: [Vivado 12-584] No ports matched 'okUH[0]'. [U:/Desktop/ECE437/Lab3/xem7310_v1.xdc:24]
CRITICAL WARNING: [Common 17-55] 'set_property' expects at least one object. [U:/Desktop/ECE437/Lab3/xem7310_v1.xdc:24]
Resolution: If [get_<value>] was used to populate the object, check to make sure this command returns at least one valid object.
WARNING: [Vivado 12-584] No ports matched 'okUH[1]'. [U:/Desktop/ECE437/Lab3/xem7310_v1.xdc:25]
CRITICAL WARNING: [Common 17-55] 'set_property' expects at least one object. [U:/Desktop/ECE437/Lab3/xem7310_v1.xdc:25]
Resolution: If [get_<value>] was used to populate the object, check to make sure this command returns at least one valid object.
WARNING: [Vivado 12-584] No ports matched 'okUH[2]'. [U:/Desktop/ECE437/Lab3/xem7310_v1.xdc:26]
CRITICAL WARNING: [Common 17-55] 'set_property' expects at least one object. [U:/Desktop/ECE437/Lab3/xem7310_v1.xdc:26]
Resolution: If [get_<value>] was used to populate the object, check to make sure this command returns at least one valid object.
WARNING: [Vivado 12-584] No ports matched 'okUH[3]'. [U:/Desktop/ECE437/Lab3/xem7310_v1.xdc:27]
CRITICAL WARNING: [Common 17-55] 'set_property' expects at least one object. [U:/Desktop/ECE437/Lab3/xem7310_v1.xdc:27]
Resolution: If [get_<value>] was used to populate the object, check to make sure this command returns at least one valid object.
WARNING: [Vivado 12-584] No ports matched 'okUH[4]'. [U:/Desktop/ECE437/Lab3/xem7310_v1.xdc:28]
CRITICAL WARNING: [Common 17-55] 'set_property' expects at least one object. [U:/Desktop/ECE437/Lab3/xem7310_v1.xdc:28]
Resolution: If [get_<value>] was used to populate the object, check to make sure this command returns at least one valid object.
WARNING: [Vivado 12-584] No ports matched 'okUH[*]'. [U:/Desktop/ECE437/Lab3/xem7310_v1.xdc:29]
CRITICAL WARNING: [Common 17-55] 'set_property' expects at least one object. [U:/Desktop/ECE437/Lab3/xem7310_v1.xdc:29]
Resolution: If [get_<value>] was used to populate the object, check to make sure this command returns at least one valid object.
WARNING: [Vivado 12-584] No ports matched 'okUHU[0]'. [U:/Desktop/ECE437/Lab3/xem7310_v1.xdc:31]
CRITICAL WARNING: [Common 17-55] 'set_property' expects at least one object. [U:/Desktop/ECE437/Lab3/xem7310_v1.xdc:31]
Resolution: If [get_<value>] was used to populate the object, check to make sure this command returns at least one valid object.
WARNING: [Vivado 12-584] No ports matched 'okUHU[1]'. [U:/Desktop/ECE437/Lab3/xem7310_v1.xdc:32]
CRITICAL WARNING: [Common 17-55] 'set_property' expects at least one object. [U:/Desktop/ECE437/Lab3/xem7310_v1.xdc:32]
Resolution: If [get_<value>] was used to populate the object, check to make sure this command returns at least one valid object.
WARNING: [Vivado 12-584] No ports matched 'okUHU[2]'. [U:/Desktop/ECE437/Lab3/xem7310_v1.xdc:33]
CRITICAL WARNING: [Common 17-55] 'set_property' expects at least one object. [U:/Desktop/ECE437/Lab3/xem7310_v1.xdc:33]
Resolution: If [get_<value>] was used to populate the object, check to make sure this command returns at least one valid object.
WARNING: [Vivado 12-584] No ports matched 'okUHU[3]'. [U:/Desktop/ECE437/Lab3/xem7310_v1.xdc:34]
CRITICAL WARNING: [Common 17-55] 'set_property' expects at least one object. [U:/Desktop/ECE437/Lab3/xem7310_v1.xdc:34]
Resolution: If [get_<value>] was used to populate the object, check to make sure this command returns at least one valid object.
WARNING: [Vivado 12-584] No ports matched 'okUHU[4]'. [U:/Desktop/ECE437/Lab3/xem7310_v1.xdc:35]
CRITICAL WARNING: [Common 17-55] 'set_property' expects at least one object. [U:/Desktop/ECE437/Lab3/xem7310_v1.xdc:35]
Resolution: If [get_<value>] was used to populate the object, check to make sure this command returns at least one valid object.
WARNING: [Vivado 12-584] No ports matched 'okUHU[5]'. [U:/Desktop/ECE437/Lab3/xem7310_v1.xdc:36]
CRITICAL WARNING: [Common 17-55] 'set_property' expects at least one object. [U:/Desktop/ECE437/Lab3/xem7310_v1.xdc:36]
Resolution: If [get_<value>] was used to populate the object, check to make sure this command returns at least one valid object.
WARNING: [Vivado 12-584] No ports matched 'okUHU[6]'. [U:/Desktop/ECE437/Lab3/xem7310_v1.xdc:37]
CRITICAL WARNING: [Common 17-55] 'set_property' expects at least one object. [U:/Desktop/ECE437/Lab3/xem7310_v1.xdc:37]
Resolution: If [get_<value>] was used to populate the object, check to make sure this command returns at least one valid object.
WARNING: [Vivado 12-584] No ports matched 'okUHU[7]'. [U:/Desktop/ECE437/Lab3/xem7310_v1.xdc:38]
CRITICAL WARNING: [Common 17-55] 'set_property' expects at least one object. [U:/Desktop/ECE437/Lab3/xem7310_v1.xdc:38]
Resolution: If [get_<value>] was used to populate the object, check to make sure this command returns at least one valid object.
WARNING: [Vivado 12-584] No ports matched 'okUHU[8]'. [U:/Desktop/ECE437/Lab3/xem7310_v1.xdc:39]
CRITICAL WARNING: [Common 17-55] 'set_property' expects at least one object. [U:/Desktop/ECE437/Lab3/xem7310_v1.xdc:39]
Resolution: If [get_<value>] was used to populate the object, check to make sure this command returns at least one valid object.
WARNING: [Vivado 12-584] No ports matched 'okUHU[9]'. [U:/Desktop/ECE437/Lab3/xem7310_v1.xdc:40]
CRITICAL WARNING: [Common 17-55] 'set_property' expects at least one object. [U:/Desktop/ECE437/Lab3/xem7310_v1.xdc:40]
Resolution: If [get_<value>] was used to populate the object, check to make sure this command returns at least one valid object.
WARNING: [Vivado 12-584] No ports matched 'okUHU[10]'. [U:/Desktop/ECE437/Lab3/xem7310_v1.xdc:41]
CRITICAL WARNING: [Common 17-55] 'set_property' expects at least one object. [U:/Desktop/ECE437/Lab3/xem7310_v1.xdc:41]
Resolution: If [get_<value>] was used to populate the object, check to make sure this command returns at least one valid object.
WARNING: [Vivado 12-584] No ports matched 'okUHU[11]'. [U:/Desktop/ECE437/Lab3/xem7310_v1.xdc:42]
CRITICAL WARNING: [Common 17-55] 'set_property' expects at least one object. [U:/Desktop/ECE437/Lab3/xem7310_v1.xdc:42]
Resolution: If [get_<value>] was used to populate the object, check to make sure this command returns at least one valid object.
WARNING: [Vivado 12-584] No ports matched 'okUHU[12]'. [U:/Desktop/ECE437/Lab3/xem7310_v1.xdc:43]
CRITICAL WARNING: [Common 17-55] 'set_property' expects at least one object. [U:/Desktop/ECE437/Lab3/xem7310_v1.xdc:43]
Resolution: If [get_<value>] was used to populate the object, check to make sure this command returns at least one valid object.
WARNING: [Vivado 12-584] No ports matched 'okUHU[13]'. [U:/Desktop/ECE437/Lab3/xem7310_v1.xdc:44]
CRITICAL WARNING: [Common 17-55] 'set_property' expects at least one object. [U:/Desktop/ECE437/Lab3/xem7310_v1.xdc:44]
Resolution: If [get_<value>] was used to populate the object, check to make sure this command returns at least one valid object.
WARNING: [Vivado 12-584] No ports matched 'okUHU[14]'. [U:/Desktop/ECE437/Lab3/xem7310_v1.xdc:45]
CRITICAL WARNING: [Common 17-55] 'set_property' expects at least one object. [U:/Desktop/ECE437/Lab3/xem7310_v1.xdc:45]
Resolution: If [get_<value>] was used to populate the object, check to make sure this command returns at least one valid object.
WARNING: [Vivado 12-584] No ports matched 'okUHU[15]'. [U:/Desktop/ECE437/Lab3/xem7310_v1.xdc:46]
CRITICAL WARNING: [Common 17-55] 'set_property' expects at least one object. [U:/Desktop/ECE437/Lab3/xem7310_v1.xdc:46]
Resolution: If [get_<value>] was used to populate the object, check to make sure this command returns at least one valid object.
WARNING: [Vivado 12-584] No ports matched 'okUHU[16]'. [U:/Desktop/ECE437/Lab3/xem7310_v1.xdc:47]
CRITICAL WARNING: [Common 17-55] 'set_property' expects at least one object. [U:/Desktop/ECE437/Lab3/xem7310_v1.xdc:47]
Resolution: If [get_<value>] was used to populate the object, check to make sure this command returns at least one valid object.
WARNING: [Vivado 12-584] No ports matched 'okUHU[17]'. [U:/Desktop/ECE437/Lab3/xem7310_v1.xdc:48]
CRITICAL WARNING: [Common 17-55] 'set_property' expects at least one object. [U:/Desktop/ECE437/Lab3/xem7310_v1.xdc:48]
Resolution: If [get_<value>] was used to populate the object, check to make sure this command returns at least one valid object.
WARNING: [Vivado 12-584] No ports matched 'okUHU[18]'. [U:/Desktop/ECE437/Lab3/xem7310_v1.xdc:49]
CRITICAL WARNING: [Common 17-55] 'set_property' expects at least one object. [U:/Desktop/ECE437/Lab3/xem7310_v1.xdc:49]
Resolution: If [get_<value>] was used to populate the object, check to make sure this command returns at least one valid object.
WARNING: [Vivado 12-584] No ports matched 'okUHU[19]'. [U:/Desktop/ECE437/Lab3/xem7310_v1.xdc:50]
CRITICAL WARNING: [Common 17-55] 'set_property' expects at least one object. [U:/Desktop/ECE437/Lab3/xem7310_v1.xdc:50]
Resolution: If [get_<value>] was used to populate the object, check to make sure this command returns at least one valid object.
WARNING: [Vivado 12-584] No ports matched 'okUHU[20]'. [U:/Desktop/ECE437/Lab3/xem7310_v1.xdc:51]
CRITICAL WARNING: [Common 17-55] 'set_property' expects at least one object. [U:/Desktop/ECE437/Lab3/xem7310_v1.xdc:51]
Resolution: If [get_<value>] was used to populate the object, check to make sure this command returns at least one valid object.
WARNING: [Vivado 12-584] No ports matched 'okUHU[21]'. [U:/Desktop/ECE437/Lab3/xem7310_v1.xdc:52]
CRITICAL WARNING: [Common 17-55] 'set_property' expects at least one object. [U:/Desktop/ECE437/Lab3/xem7310_v1.xdc:52]
Resolution: If [get_<value>] was used to populate the object, check to make sure this command returns at least one valid object.
WARNING: [Vivado 12-584] No ports matched 'okUHU[22]'. [U:/Desktop/ECE437/Lab3/xem7310_v1.xdc:53]
CRITICAL WARNING: [Common 17-55] 'set_property' expects at least one object. [U:/Desktop/ECE437/Lab3/xem7310_v1.xdc:53]
Resolution: If [get_<value>] was used to populate the object, check to make sure this command returns at least one valid object.
WARNING: [Vivado 12-584] No ports matched 'okUHU[23]'. [U:/Desktop/ECE437/Lab3/xem7310_v1.xdc:54]
CRITICAL WARNING: [Common 17-55] 'set_property' expects at least one object. [U:/Desktop/ECE437/Lab3/xem7310_v1.xdc:54]
Resolution: If [get_<value>] was used to populate the object, check to make sure this command returns at least one valid object.
WARNING: [Vivado 12-584] No ports matched 'okUHU[24]'. [U:/Desktop/ECE437/Lab3/xem7310_v1.xdc:55]
CRITICAL WARNING: [Common 17-55] 'set_property' expects at least one object. [U:/Desktop/ECE437/Lab3/xem7310_v1.xdc:55]
Resolution: If [get_<value>] was used to populate the object, check to make sure this command returns at least one valid object.
WARNING: [Vivado 12-584] No ports matched 'okUHU[25]'. [U:/Desktop/ECE437/Lab3/xem7310_v1.xdc:56]
CRITICAL WARNING: [Common 17-55] 'set_property' expects at least one object. [U:/Desktop/ECE437/Lab3/xem7310_v1.xdc:56]
Resolution: If [get_<value>] was used to populate the object, check to make sure this command returns at least one valid object.
WARNING: [Vivado 12-584] No ports matched 'okUHU[26]'. [U:/Desktop/ECE437/Lab3/xem7310_v1.xdc:57]
CRITICAL WARNING: [Common 17-55] 'set_property' expects at least one object. [U:/Desktop/ECE437/Lab3/xem7310_v1.xdc:57]
Resolution: If [get_<value>] was used to populate the object, check to make sure this command returns at least one valid object.
WARNING: [Vivado 12-584] No ports matched 'okUHU[27]'. [U:/Desktop/ECE437/Lab3/xem7310_v1.xdc:58]
CRITICAL WARNING: [Common 17-55] 'set_property' expects at least one object. [U:/Desktop/ECE437/Lab3/xem7310_v1.xdc:58]
Resolution: If [get_<value>] was used to populate the object, check to make sure this command returns at least one valid object.
WARNING: [Vivado 12-584] No ports matched 'okUHU[28]'. [U:/Desktop/ECE437/Lab3/xem7310_v1.xdc:59]
CRITICAL WARNING: [Common 17-55] 'set_property' expects at least one object. [U:/Desktop/ECE437/Lab3/xem7310_v1.xdc:59]
Resolution: If [get_<value>] was used to populate the object, check to make sure this command returns at least one valid object.
WARNING: [Vivado 12-584] No ports matched 'okUHU[29]'. [U:/Desktop/ECE437/Lab3/xem7310_v1.xdc:60]
CRITICAL WARNING: [Common 17-55] 'set_property' expects at least one object. [U:/Desktop/ECE437/Lab3/xem7310_v1.xdc:60]
Resolution: If [get_<value>] was used to populate the object, check to make sure this command returns at least one valid object.
WARNING: [Vivado 12-584] No ports matched 'okUHU[30]'. [U:/Desktop/ECE437/Lab3/xem7310_v1.xdc:61]
CRITICAL WARNING: [Common 17-55] 'set_property' expects at least one object. [U:/Desktop/ECE437/Lab3/xem7310_v1.xdc:61]
Resolution: If [get_<value>] was used to populate the object, check to make sure this command returns at least one valid object.
WARNING: [Vivado 12-584] No ports matched 'okUHU[31]'. [U:/Desktop/ECE437/Lab3/xem7310_v1.xdc:62]
CRITICAL WARNING: [Common 17-55] 'set_property' expects at least one object. [U:/Desktop/ECE437/Lab3/xem7310_v1.xdc:62]
Resolution: If [get_<value>] was used to populate the object, check to make sure this command returns at least one valid object.
WARNING: [Vivado 12-584] No ports matched 'okUHU[*]'. [U:/Desktop/ECE437/Lab3/xem7310_v1.xdc:63]
CRITICAL WARNING: [Common 17-55] 'set_property' expects at least one object. [U:/Desktop/ECE437/Lab3/xem7310_v1.xdc:63]
Resolution: If [get_<value>] was used to populate the object, check to make sure this command returns at least one valid object.
WARNING: [Vivado 12-584] No ports matched 'okUHU[*]'. [U:/Desktop/ECE437/Lab3/xem7310_v1.xdc:64]
CRITICAL WARNING: [Common 17-55] 'set_property' expects at least one object. [U:/Desktop/ECE437/Lab3/xem7310_v1.xdc:64]
Resolution: If [get_<value>] was used to populate the object, check to make sure this command returns at least one valid object.
WARNING: [Vivado 12-584] No ports matched 'okAA'. [U:/Desktop/ECE437/Lab3/xem7310_v1.xdc:66]
CRITICAL WARNING: [Common 17-55] 'set_property' expects at least one object. [U:/Desktop/ECE437/Lab3/xem7310_v1.xdc:66]
Resolution: If [get_<value>] was used to populate the object, check to make sure this command returns at least one valid object.
WARNING: [Vivado 12-584] No ports matched 'okAA'. [U:/Desktop/ECE437/Lab3/xem7310_v1.xdc:67]
CRITICAL WARNING: [Common 17-55] 'set_property' expects at least one object. [U:/Desktop/ECE437/Lab3/xem7310_v1.xdc:67]
Resolution: If [get_<value>] was used to populate the object, check to make sure this command returns at least one valid object.
WARNING: [Vivado 12-584] No ports matched 'okUH[0]'. [U:/Desktop/ECE437/Lab3/xem7310_v1.xdc:70]
CRITICAL WARNING: [Vivado 12-4739] create_clock:No valid object(s) found for '-objects [get_ports {okUH[0]}]'. [U:/Desktop/ECE437/Lab3/xem7310_v1.xdc:70]
Resolution: Check if the specified object(s) exists in the current design. If it does, ensure that the correct design hierarchy was specified for the object. If you are working with clocks, make sure create_clock was used to create the clock object before it is referenced.
INFO: [Timing 38-35] Done setting XDC timing constraints. [U:/Desktop/ECE437/Lab3/xem7310_v1.xdc:72]
WARNING: [Vivado 12-627] No clocks matched 'okUH0'. [U:/Desktop/ECE437/Lab3/xem7310_v1.xdc:72]
INFO: [Vivado 12-626] No clocks found. Please use 'create_clock' or 'create_generated_clock' command to create clocks. [U:/Desktop/ECE437/Lab3/xem7310_v1.xdc:72]
get_clocks: Time (s): cpu = 00:00:05 ; elapsed = 00:00:06 . Memory (MB): peak = 2112.242 ; gain = 573.309
WARNING: [Vivado 12-584] No ports matched 'okUH[*]'. [U:/Desktop/ECE437/Lab3/xem7310_v1.xdc:72]
CRITICAL WARNING: [Vivado 12-4739] set_input_delay:No valid object(s) found for '-objects [get_ports {okUH[*]}]'. [U:/Desktop/ECE437/Lab3/xem7310_v1.xdc:72]
Resolution: Check if the specified object(s) exists in the current design. If it does, ensure that the correct design hierarchy was specified for the object. If you are working with clocks, make sure create_clock was used to create the clock object before it is referenced.
WARNING: [Vivado 12-627] No clocks matched 'okUH0'. [U:/Desktop/ECE437/Lab3/xem7310_v1.xdc:73]
INFO: [Vivado 12-626] No clocks found. Please use 'create_clock' or 'create_generated_clock' command to create clocks. [U:/Desktop/ECE437/Lab3/xem7310_v1.xdc:73]
WARNING: [Vivado 12-584] No ports matched 'okUH[*]'. [U:/Desktop/ECE437/Lab3/xem7310_v1.xdc:73]
CRITICAL WARNING: [Vivado 12-4739] set_input_delay:No valid object(s) found for '-objects [get_ports {okUH[*]}]'. [U:/Desktop/ECE437/Lab3/xem7310_v1.xdc:73]
Resolution: Check if the specified object(s) exists in the current design. If it does, ensure that the correct design hierarchy was specified for the object. If you are working with clocks, make sure create_clock was used to create the clock object before it is referenced.
WARNING: [Vivado 12-584] No ports matched 'okUH[*]'. [U:/Desktop/ECE437/Lab3/xem7310_v1.xdc:74]
CRITICAL WARNING: [Vivado 12-4739] set_multicycle_path:No valid object(s) found for '-from [get_ports {okUH[*]}]'. [U:/Desktop/ECE437/Lab3/xem7310_v1.xdc:74]
Resolution: Check if the specified object(s) exists in the current design. If it does, ensure that the correct design hierarchy was specified for the object. If you are working with clocks, make sure create_clock was used to create the clock object before it is referenced.
WARNING: [Vivado 12-627] No clocks matched 'okUH0'. [U:/Desktop/ECE437/Lab3/xem7310_v1.xdc:76]
INFO: [Vivado 12-626] No clocks found. Please use 'create_clock' or 'create_generated_clock' command to create clocks. [U:/Desktop/ECE437/Lab3/xem7310_v1.xdc:76]
WARNING: [Vivado 12-584] No ports matched 'okUHU[*]'. [U:/Desktop/ECE437/Lab3/xem7310_v1.xdc:76]
CRITICAL WARNING: [Vivado 12-4739] set_input_delay:No valid object(s) found for '-objects [get_ports {okUHU[*]}]'. [U:/Desktop/ECE437/Lab3/xem7310_v1.xdc:76]
Resolution: Check if the specified object(s) exists in the current design. If it does, ensure that the correct design hierarchy was specified for the object. If you are working with clocks, make sure create_clock was used to create the clock object before it is referenced.
WARNING: [Vivado 12-627] No clocks matched 'okUH0'. [U:/Desktop/ECE437/Lab3/xem7310_v1.xdc:77]
INFO: [Vivado 12-626] No clocks found. Please use 'create_clock' or 'create_generated_clock' command to create clocks. [U:/Desktop/ECE437/Lab3/xem7310_v1.xdc:77]
WARNING: [Vivado 12-584] No ports matched 'okUHU[*]'. [U:/Desktop/ECE437/Lab3/xem7310_v1.xdc:77]
CRITICAL WARNING: [Vivado 12-4739] set_input_delay:No valid object(s) found for '-objects [get_ports {okUHU[*]}]'. [U:/Desktop/ECE437/Lab3/xem7310_v1.xdc:77]
Resolution: Check if the specified object(s) exists in the current design. If it does, ensure that the correct design hierarchy was specified for the object. If you are working with clocks, make sure create_clock was used to create the clock object before it is referenced.
WARNING: [Vivado 12-584] No ports matched 'okUHU[*]'. [U:/Desktop/ECE437/Lab3/xem7310_v1.xdc:78]
CRITICAL WARNING: [Vivado 12-4739] set_multicycle_path:No valid object(s) found for '-from [get_ports {okUHU[*]}]'. [U:/Desktop/ECE437/Lab3/xem7310_v1.xdc:78]
Resolution: Check if the specified object(s) exists in the current design. If it does, ensure that the correct design hierarchy was specified for the object. If you are working with clocks, make sure create_clock was used to create the clock object before it is referenced.
WARNING: [Vivado 12-627] No clocks matched 'okUH0'. [U:/Desktop/ECE437/Lab3/xem7310_v1.xdc:80]
INFO: [Vivado 12-626] No clocks found. Please use 'create_clock' or 'create_generated_clock' command to create clocks. [U:/Desktop/ECE437/Lab3/xem7310_v1.xdc:80]
WARNING: [Vivado 12-584] No ports matched 'okHU[*]'. [U:/Desktop/ECE437/Lab3/xem7310_v1.xdc:80]
CRITICAL WARNING: [Vivado 12-4739] set_output_delay:No valid object(s) found for '-objects [get_ports {okHU[*]}]'. [U:/Desktop/ECE437/Lab3/xem7310_v1.xdc:80]
Resolution: Check if the specified object(s) exists in the current design. If it does, ensure that the correct design hierarchy was specified for the object. If you are working with clocks, make sure create_clock was used to create the clock object before it is referenced.
WARNING: [Vivado 12-627] No clocks matched 'okUH0'. [U:/Desktop/ECE437/Lab3/xem7310_v1.xdc:81]
INFO: [Vivado 12-626] No clocks found. Please use 'create_clock' or 'create_generated_clock' command to create clocks. [U:/Desktop/ECE437/Lab3/xem7310_v1.xdc:81]
WARNING: [Vivado 12-584] No ports matched 'okHU[*]'. [U:/Desktop/ECE437/Lab3/xem7310_v1.xdc:81]
CRITICAL WARNING: [Vivado 12-4739] set_output_delay:No valid object(s) found for '-objects [get_ports {okHU[*]}]'. [U:/Desktop/ECE437/Lab3/xem7310_v1.xdc:81]
Resolution: Check if the specified object(s) exists in the current design. If it does, ensure that the correct design hierarchy was specified for the object. If you are working with clocks, make sure create_clock was used to create the clock object before it is referenced.
WARNING: [Vivado 12-627] No clocks matched 'okUH0'. [U:/Desktop/ECE437/Lab3/xem7310_v1.xdc:83]
INFO: [Vivado 12-626] No clocks found. Please use 'create_clock' or 'create_generated_clock' command to create clocks. [U:/Desktop/ECE437/Lab3/xem7310_v1.xdc:83]
WARNING: [Vivado 12-584] No ports matched 'okUHU[*]'. [U:/Desktop/ECE437/Lab3/xem7310_v1.xdc:83]
CRITICAL WARNING: [Vivado 12-4739] set_output_delay:No valid object(s) found for '-objects [get_ports {okUHU[*]}]'. [U:/Desktop/ECE437/Lab3/xem7310_v1.xdc:83]
Resolution: Check if the specified object(s) exists in the current design. If it does, ensure that the correct design hierarchy was specified for the object. If you are working with clocks, make sure create_clock was used to create the clock object before it is referenced.
WARNING: [Vivado 12-627] No clocks matched 'okUH0'. [U:/Desktop/ECE437/Lab3/xem7310_v1.xdc:84]
INFO: [Vivado 12-626] No clocks found. Please use 'create_clock' or 'create_generated_clock' command to create clocks. [U:/Desktop/ECE437/Lab3/xem7310_v1.xdc:84]
WARNING: [Vivado 12-584] No ports matched 'okUHU[*]'. [U:/Desktop/ECE437/Lab3/xem7310_v1.xdc:84]
CRITICAL WARNING: [Vivado 12-4739] set_output_delay:No valid object(s) found for '-objects [get_ports {okUHU[*]}]'. [U:/Desktop/ECE437/Lab3/xem7310_v1.xdc:84]
Resolution: Check if the specified object(s) exists in the current design. If it does, ensure that the correct design hierarchy was specified for the object. If you are working with clocks, make sure create_clock was used to create the clock object before it is referenced.
WARNING: [Vivado 12-627] No clocks matched 'mmcm0_clk0'. [U:/Desktop/ECE437/Lab3/xem7310_v1.xdc:97]
WARNING: [Vivado 12-627] No clocks matched 'okUH0'. [U:/Desktop/ECE437/Lab3/xem7310_v1.xdc:97]
INFO: [Vivado 12-626] No clocks found. Please use 'create_clock' or 'create_generated_clock' command to create clocks. [U:/Desktop/ECE437/Lab3/xem7310_v1.xdc:97]
CRITICAL WARNING: [Vivado 12-4739] set_clock_groups:No valid object(s) found for '-group [get_clocks {mmcm0_clk0 okUH0}]'. [U:/Desktop/ECE437/Lab3/xem7310_v1.xdc:97]
Resolution: Check if the specified object(s) exists in the current design. If it does, ensure that the correct design hierarchy was specified for the object. If you are working with clocks, make sure create_clock was used to create the clock object before it is referenced.
CRITICAL WARNING: [Vivado 12-4739] set_clock_groups:No valid object(s) found for '-group '. [U:/Desktop/ECE437/Lab3/xem7310_v1.xdc:97]
Resolution: Check if the specified object(s) exists in the current design. If it does, ensure that the correct design hierarchy was specified for the object. If you are working with clocks, make sure create_clock was used to create the clock object before it is referenced.
CRITICAL WARNING: [Vivado 12-5201] set_clock_groups: cannot set the clock group when only one non-empty group remains. [U:/Desktop/ECE437/Lab3/xem7310_v1.xdc:97]
WARNING: [Vivado 12-584] No ports matched 'reset'. [U:/Desktop/ECE437/Lab3/xem7310_v1.xdc:102]
CRITICAL WARNING: [Common 17-55] 'set_property' expects at least one object. [U:/Desktop/ECE437/Lab3/xem7310_v1.xdc:102]
Resolution: If [get_<value>] was used to populate the object, check to make sure this command returns at least one valid object.
WARNING: [Vivado 12-584] No ports matched 'reset'. [U:/Desktop/ECE437/Lab3/xem7310_v1.xdc:103]
CRITICAL WARNING: [Common 17-55] 'set_property' expects at least one object. [U:/Desktop/ECE437/Lab3/xem7310_v1.xdc:103]
Resolution: If [get_<value>] was used to populate the object, check to make sure this command returns at least one valid object.
WARNING: [Vivado 12-584] No ports matched 'reset'. [U:/Desktop/ECE437/Lab3/xem7310_v1.xdc:104]
CRITICAL WARNING: [Common 17-55] 'set_property' expects at least one object. [U:/Desktop/ECE437/Lab3/xem7310_v1.xdc:104]
Resolution: If [get_<value>] was used to populate the object, check to make sure this command returns at least one valid object.
WARNING: [Vivado 12-584] No ports matched 'CVM300_LVDS_CLK_P'. [U:/Desktop/ECE437/Lab3/xem7310_v1.xdc:108]
CRITICAL WARNING: [Common 17-55] 'set_property' expects at least one object. [U:/Desktop/ECE437/Lab3/xem7310_v1.xdc:108]
Resolution: If [get_<value>] was used to populate the object, check to make sure this command returns at least one valid object.
WARNING: [Vivado 12-584] No ports matched 'CVM300-LVDS_CLK_P'. [U:/Desktop/ECE437/Lab3/xem7310_v1.xdc:109]
CRITICAL WARNING: [Common 17-55] 'set_property' expects at least one object. [U:/Desktop/ECE437/Lab3/xem7310_v1.xdc:109]
Resolution: If [get_<value>] was used to populate the object, check to make sure this command returns at least one valid object.
WARNING: [Vivado 12-584] No ports matched 'CVM300_LVDS_CLK_N'. [U:/Desktop/ECE437/Lab3/xem7310_v1.xdc:111]
CRITICAL WARNING: [Common 17-55] 'set_property' expects at least one object. [U:/Desktop/ECE437/Lab3/xem7310_v1.xdc:111]
Resolution: If [get_<value>] was used to populate the object, check to make sure this command returns at least one valid object.
WARNING: [Vivado 12-584] No ports matched 'CVM300_LVDS_CLK_N'. [U:/Desktop/ECE437/Lab3/xem7310_v1.xdc:112]
CRITICAL WARNING: [Common 17-55] 'set_property' expects at least one object. [U:/Desktop/ECE437/Lab3/xem7310_v1.xdc:112]
Resolution: If [get_<value>] was used to populate the object, check to make sure this command returns at least one valid object.
WARNING: [Vivado 12-584] No ports matched 'CVM300_CLK_IN'. [U:/Desktop/ECE437/Lab3/xem7310_v1.xdc:115]
CRITICAL WARNING: [Common 17-55] 'set_property' expects at least one object. [U:/Desktop/ECE437/Lab3/xem7310_v1.xdc:115]
Resolution: If [get_<value>] was used to populate the object, check to make sure this command returns at least one valid object.
WARNING: [Vivado 12-584] No ports matched 'CVM300_CLK_IN'. [U:/Desktop/ECE437/Lab3/xem7310_v1.xdc:116]
CRITICAL WARNING: [Common 17-55] 'set_property' expects at least one object. [U:/Desktop/ECE437/Lab3/xem7310_v1.xdc:116]
Resolution: If [get_<value>] was used to populate the object, check to make sure this command returns at least one valid object.
WARNING: [Vivado 12-584] No ports matched 'CVM300_CLK_OUT'. [U:/Desktop/ECE437/Lab3/xem7310_v1.xdc:119]
CRITICAL WARNING: [Common 17-55] 'set_property' expects at least one object. [U:/Desktop/ECE437/Lab3/xem7310_v1.xdc:119]
Resolution: If [get_<value>] was used to populate the object, check to make sure this command returns at least one valid object.
WARNING: [Vivado 12-584] No ports matched 'CVM300_CLK_OUT'. [U:/Desktop/ECE437/Lab3/xem7310_v1.xdc:120]
CRITICAL WARNING: [Common 17-55] 'set_property' expects at least one object. [U:/Desktop/ECE437/Lab3/xem7310_v1.xdc:120]
Resolution: If [get_<value>] was used to populate the object, check to make sure this command returns at least one valid object.
WARNING: [Vivado 12-584] No ports matched 'CVM300_SYS_RES_N'. [U:/Desktop/ECE437/Lab3/xem7310_v1.xdc:124]
CRITICAL WARNING: [Common 17-55] 'set_property' expects at least one object. [U:/Desktop/ECE437/Lab3/xem7310_v1.xdc:124]
Resolution: If [get_<value>] was used to populate the object, check to make sure this command returns at least one valid object.
WARNING: [Vivado 12-584] No ports matched 'CVM300_SYS_RES_N'. [U:/Desktop/ECE437/Lab3/xem7310_v1.xdc:125]
CRITICAL WARNING: [Common 17-55] 'set_property' expects at least one object. [U:/Desktop/ECE437/Lab3/xem7310_v1.xdc:125]
Resolution: If [get_<value>] was used to populate the object, check to make sure this command returns at least one valid object.
WARNING: [Vivado 12-584] No ports matched 'CVM300_Enable_LVDS'. [U:/Desktop/ECE437/Lab3/xem7310_v1.xdc:127]
CRITICAL WARNING: [Common 17-55] 'set_property' expects at least one object. [U:/Desktop/ECE437/Lab3/xem7310_v1.xdc:127]
Resolution: If [get_<value>] was used to populate the object, check to make sure this command returns at least one valid object.
WARNING: [Vivado 12-584] No ports matched 'CVM300_Enable_LVDS'. [U:/Desktop/ECE437/Lab3/xem7310_v1.xdc:128]
CRITICAL WARNING: [Common 17-55] 'set_property' expects at least one object. [U:/Desktop/ECE437/Lab3/xem7310_v1.xdc:128]
Resolution: If [get_<value>] was used to populate the object, check to make sure this command returns at least one valid object.
WARNING: [Vivado 12-584] No ports matched 'CVM300_SPI_EN'. [U:/Desktop/ECE437/Lab3/xem7310_v1.xdc:131]
CRITICAL WARNING: [Common 17-55] 'set_property' expects at least one object. [U:/Desktop/ECE437/Lab3/xem7310_v1.xdc:131]
Resolution: If [get_<value>] was used to populate the object, check to make sure this command returns at least one valid object.
WARNING: [Vivado 12-584] No ports matched 'CVM300_SPI_EN'. [U:/Desktop/ECE437/Lab3/xem7310_v1.xdc:132]
CRITICAL WARNING: [Common 17-55] 'set_property' expects at least one object. [U:/Desktop/ECE437/Lab3/xem7310_v1.xdc:132]
Resolution: If [get_<value>] was used to populate the object, check to make sure this command returns at least one valid object.
WARNING: [Vivado 12-584] No ports matched 'CVM300_SPI_IN'. [U:/Desktop/ECE437/Lab3/xem7310_v1.xdc:134]
CRITICAL WARNING: [Common 17-55] 'set_property' expects at least one object. [U:/Desktop/ECE437/Lab3/xem7310_v1.xdc:134]
Resolution: If [get_<value>] was used to populate the object, check to make sure this command returns at least one valid object.
WARNING: [Vivado 12-584] No ports matched 'CVM300_SPI_IN'. [U:/Desktop/ECE437/Lab3/xem7310_v1.xdc:135]
CRITICAL WARNING: [Common 17-55] 'set_property' expects at least one object. [U:/Desktop/ECE437/Lab3/xem7310_v1.xdc:135]
Resolution: If [get_<value>] was used to populate the object, check to make sure this command returns at least one valid object.
WARNING: [Vivado 12-584] No ports matched 'CVM300_SPI_OUT'. [U:/Desktop/ECE437/Lab3/xem7310_v1.xdc:137]
CRITICAL WARNING: [Common 17-55] 'set_property' expects at least one object. [U:/Desktop/ECE437/Lab3/xem7310_v1.xdc:137]
Resolution: If [get_<value>] was used to populate the object, check to make sure this command returns at least one valid object.
WARNING: [Vivado 12-584] No ports matched 'CVM300_SPI_OUT'. [U:/Desktop/ECE437/Lab3/xem7310_v1.xdc:138]
CRITICAL WARNING: [Common 17-55] 'set_property' expects at least one object. [U:/Desktop/ECE437/Lab3/xem7310_v1.xdc:138]
Resolution: If [get_<value>] was used to populate the object, check to make sure this command returns at least one valid object.
WARNING: [Vivado 12-584] No ports matched 'CVM300_SPI_CLK'. [U:/Desktop/ECE437/Lab3/xem7310_v1.xdc:140]
CRITICAL WARNING: [Common 17-55] 'set_property' expects at least one object. [U:/Desktop/ECE437/Lab3/xem7310_v1.xdc:140]
Resolution: If [get_<value>] was used to populate the object, check to make sure this command returns at least one valid object.
WARNING: [Vivado 12-584] No ports matched 'CVM300_SPI_CLK'. [U:/Desktop/ECE437/Lab3/xem7310_v1.xdc:141]
CRITICAL WARNING: [Common 17-55] 'set_property' expects at least one object. [U:/Desktop/ECE437/Lab3/xem7310_v1.xdc:141]
Resolution: If [get_<value>] was used to populate the object, check to make sure this command returns at least one valid object.
WARNING: [Vivado 12-584] No ports matched 'CVM300_FRAME_REQ'. [U:/Desktop/ECE437/Lab3/xem7310_v1.xdc:152]
CRITICAL WARNING: [Common 17-55] 'set_property' expects at least one object. [U:/Desktop/ECE437/Lab3/xem7310_v1.xdc:152]
Resolution: If [get_<value>] was used to populate the object, check to make sure this command returns at least one valid object.
WARNING: [Vivado 12-584] No ports matched 'CVM300_FRAME_REQ'. [U:/Desktop/ECE437/Lab3/xem7310_v1.xdc:153]
CRITICAL WARNING: [Common 17-55] 'set_property' expects at least one object. [U:/Desktop/ECE437/Lab3/xem7310_v1.xdc:153]
Resolution: If [get_<value>] was used to populate the object, check to make sure this command returns at least one valid object.
WARNING: [Vivado 12-584] No ports matched 'CVM300_D[0]'. [U:/Desktop/ECE437/Lab3/xem7310_v1.xdc:198]
CRITICAL WARNING: [Common 17-55] 'set_property' expects at least one object. [U:/Desktop/ECE437/Lab3/xem7310_v1.xdc:198]
Resolution: If [get_<value>] was used to populate the object, check to make sure this command returns at least one valid object.
WARNING: [Vivado 12-584] No ports matched 'CVM300_D[0]'. [U:/Desktop/ECE437/Lab3/xem7310_v1.xdc:199]
CRITICAL WARNING: [Common 17-55] 'set_property' expects at least one object. [U:/Desktop/ECE437/Lab3/xem7310_v1.xdc:199]
Resolution: If [get_<value>] was used to populate the object, check to make sure this command returns at least one valid object.
WARNING: [Vivado 12-584] No ports matched 'CVM300_D[1]'. [U:/Desktop/ECE437/Lab3/xem7310_v1.xdc:201]
CRITICAL WARNING: [Common 17-55] 'set_property' expects at least one object. [U:/Desktop/ECE437/Lab3/xem7310_v1.xdc:201]
Resolution: If [get_<value>] was used to populate the object, check to make sure this command returns at least one valid object.
WARNING: [Vivado 12-584] No ports matched 'CVM300_D[1]'. [U:/Desktop/ECE437/Lab3/xem7310_v1.xdc:202]
CRITICAL WARNING: [Common 17-55] 'set_property' expects at least one object. [U:/Desktop/ECE437/Lab3/xem7310_v1.xdc:202]
Resolution: If [get_<value>] was used to populate the object, check to make sure this command returns at least one valid object.
WARNING: [Vivado 12-584] No ports matched 'CVM300_D[2]'. [U:/Desktop/ECE437/Lab3/xem7310_v1.xdc:204]
CRITICAL WARNING: [Common 17-55] 'set_property' expects at least one object. [U:/Desktop/ECE437/Lab3/xem7310_v1.xdc:204]
Resolution: If [get_<value>] was used to populate the object, check to make sure this command returns at least one valid object.
WARNING: [Vivado 12-584] No ports matched 'CVM300_D[2]'. [U:/Desktop/ECE437/Lab3/xem7310_v1.xdc:205]
CRITICAL WARNING: [Common 17-55] 'set_property' expects at least one object. [U:/Desktop/ECE437/Lab3/xem7310_v1.xdc:205]
Resolution: If [get_<value>] was used to populate the object, check to make sure this command returns at least one valid object.
WARNING: [Vivado 12-584] No ports matched 'CVM300_D[3]'. [U:/Desktop/ECE437/Lab3/xem7310_v1.xdc:207]
CRITICAL WARNING: [Common 17-55] 'set_property' expects at least one object. [U:/Desktop/ECE437/Lab3/xem7310_v1.xdc:207]
Resolution: If [get_<value>] was used to populate the object, check to make sure this command returns at least one valid object.
WARNING: [Vivado 12-584] No ports matched 'CVM300_D[3]'. [U:/Desktop/ECE437/Lab3/xem7310_v1.xdc:208]
CRITICAL WARNING: [Common 17-55] 'set_property' expects at least one object. [U:/Desktop/ECE437/Lab3/xem7310_v1.xdc:208]
Resolution: If [get_<value>] was used to populate the object, check to make sure this command returns at least one valid object.
WARNING: [Vivado 12-584] No ports matched 'CVM300_D[4]'. [U:/Desktop/ECE437/Lab3/xem7310_v1.xdc:210]
CRITICAL WARNING: [Common 17-55] 'set_property' expects at least one object. [U:/Desktop/ECE437/Lab3/xem7310_v1.xdc:210]
Resolution: If [get_<value>] was used to populate the object, check to make sure this command returns at least one valid object.
WARNING: [Vivado 12-584] No ports matched 'CVM300_D[4]'. [U:/Desktop/ECE437/Lab3/xem7310_v1.xdc:211]
CRITICAL WARNING: [Common 17-55] 'set_property' expects at least one object. [U:/Desktop/ECE437/Lab3/xem7310_v1.xdc:211]
Resolution: If [get_<value>] was used to populate the object, check to make sure this command returns at least one valid object.
WARNING: [Vivado 12-584] No ports matched 'CVM300_D[5]'. [U:/Desktop/ECE437/Lab3/xem7310_v1.xdc:213]
CRITICAL WARNING: [Common 17-55] 'set_property' expects at least one object. [U:/Desktop/ECE437/Lab3/xem7310_v1.xdc:213]
Resolution: If [get_<value>] was used to populate the object, check to make sure this command returns at least one valid object.
WARNING: [Vivado 12-584] No ports matched 'CVM300_D[5]'. [U:/Desktop/ECE437/Lab3/xem7310_v1.xdc:214]
CRITICAL WARNING: [Common 17-55] 'set_property' expects at least one object. [U:/Desktop/ECE437/Lab3/xem7310_v1.xdc:214]
Resolution: If [get_<value>] was used to populate the object, check to make sure this command returns at least one valid object.
WARNING: [Vivado 12-584] No ports matched 'CVM300_D[6]'. [U:/Desktop/ECE437/Lab3/xem7310_v1.xdc:216]
CRITICAL WARNING: [Common 17-55] 'set_property' expects at least one object. [U:/Desktop/ECE437/Lab3/xem7310_v1.xdc:216]
Resolution: If [get_<value>] was used to populate the object, check to make sure this command returns at least one valid object.
WARNING: [Vivado 12-584] No ports matched 'CVM300_D[6]'. [U:/Desktop/ECE437/Lab3/xem7310_v1.xdc:217]
CRITICAL WARNING: [Common 17-55] 'set_property' expects at least one object. [U:/Desktop/ECE437/Lab3/xem7310_v1.xdc:217]
Resolution: If [get_<value>] was used to populate the object, check to make sure this command returns at least one valid object.
WARNING: [Vivado 12-584] No ports matched 'CVM300_D[7]'. [U:/Desktop/ECE437/Lab3/xem7310_v1.xdc:219]
CRITICAL WARNING: [Common 17-55] 'set_property' expects at least one object. [U:/Desktop/ECE437/Lab3/xem7310_v1.xdc:219]
Resolution: If [get_<value>] was used to populate the object, check to make sure this command returns at least one valid object.
WARNING: [Vivado 12-584] No ports matched 'CVM300_D[7]'. [U:/Desktop/ECE437/Lab3/xem7310_v1.xdc:220]
CRITICAL WARNING: [Common 17-55] 'set_property' expects at least one object. [U:/Desktop/ECE437/Lab3/xem7310_v1.xdc:220]
Resolution: If [get_<value>] was used to populate the object, check to make sure this command returns at least one valid object.
WARNING: [Vivado 12-584] No ports matched 'CVM300_D[8]'. [U:/Desktop/ECE437/Lab3/xem7310_v1.xdc:222]
INFO: [Common 17-14] Message 'Vivado 12-584' appears 100 times and further instances of the messages will be disabled. Use the Tcl command set_msg_config to change the current settings. [U:/Desktop/ECE437/Lab3/xem7310_v1.xdc:222]
CRITICAL WARNING: [Common 17-55] 'set_property' expects at least one object. [U:/Desktop/ECE437/Lab3/xem7310_v1.xdc:222]
Resolution: If [get_<value>] was used to populate the object, check to make sure this command returns at least one valid object.
CRITICAL WARNING: [Common 17-55] 'set_property' expects at least one object. [U:/Desktop/ECE437/Lab3/xem7310_v1.xdc:223]
Resolution: If [get_<value>] was used to populate the object, check to make sure this command returns at least one valid object.
CRITICAL WARNING: [Common 17-55] 'set_property' expects at least one object. [U:/Desktop/ECE437/Lab3/xem7310_v1.xdc:225]
Resolution: If [get_<value>] was used to populate the object, check to make sure this command returns at least one valid object.
CRITICAL WARNING: [Common 17-55] 'set_property' expects at least one object. [U:/Desktop/ECE437/Lab3/xem7310_v1.xdc:226]
Resolution: If [get_<value>] was used to populate the object, check to make sure this command returns at least one valid object.
CRITICAL WARNING: [Common 17-55] 'set_property' expects at least one object. [U:/Desktop/ECE437/Lab3/xem7310_v1.xdc:229]
Resolution: If [get_<value>] was used to populate the object, check to make sure this command returns at least one valid object.
CRITICAL WARNING: [Common 17-55] 'set_property' expects at least one object. [U:/Desktop/ECE437/Lab3/xem7310_v1.xdc:230]
Resolution: If [get_<value>] was used to populate the object, check to make sure this command returns at least one valid object.
CRITICAL WARNING: [Common 17-55] 'set_property' expects at least one object. [U:/Desktop/ECE437/Lab3/xem7310_v1.xdc:232]
Resolution: If [get_<value>] was used to populate the object, check to make sure this command returns at least one valid object.
CRITICAL WARNING: [Common 17-55] 'set_property' expects at least one object. [U:/Desktop/ECE437/Lab3/xem7310_v1.xdc:233]
Resolution: If [get_<value>] was used to populate the object, check to make sure this command returns at least one valid object.
CRITICAL WARNING: [Common 17-55] 'set_property' expects at least one object. [U:/Desktop/ECE437/Lab3/xem7310_v1.xdc:239]
Resolution: If [get_<value>] was used to populate the object, check to make sure this command returns at least one valid object.
CRITICAL WARNING: [Common 17-55] 'set_property' expects at least one object. [U:/Desktop/ECE437/Lab3/xem7310_v1.xdc:240]
Resolution: If [get_<value>] was used to populate the object, check to make sure this command returns at least one valid object.
CRITICAL WARNING: [Common 17-55] 'set_property' expects at least one object. [U:/Desktop/ECE437/Lab3/xem7310_v1.xdc:242]
Resolution: If [get_<value>] was used to populate the object, check to make sure this command returns at least one valid object.
CRITICAL WARNING: [Common 17-55] 'set_property' expects at least one object. [U:/Desktop/ECE437/Lab3/xem7310_v1.xdc:243]
Resolution: If [get_<value>] was used to populate the object, check to make sure this command returns at least one valid object.
INFO: [Common 17-14] Message 'Common 17-55' appears 100 times and further instances of the messages will be disabled. Use the Tcl command set_msg_config to change the current settings. [U:/Desktop/ECE437/Lab3/xem7310_v1.xdc:243]
Finished Parsing XDC File [U:/Desktop/ECE437/Lab3/xem7310_v1.xdc]
INFO: [Opt 31-138] Pushed 0 inverter(s) to 0 load pin(s).
Netlist sorting complete. Time (s): cpu = 00:00:00 ; elapsed = 00:00:00 . Memory (MB): peak = 2115.176 ; gain = 0.000
INFO: [Project 1-111] Unisim Transformation Summary:
No Unisim elements were transformed.

19 Infos, 110 Warnings, 114 Critical Warnings and 0 Errors encountered.
link_design completed successfully
link_design: Time (s): cpu = 00:00:09 ; elapsed = 00:00:12 . Memory (MB): peak = 2115.176 ; gain = 1107.887
Command: opt_design
Attempting to get a license for feature 'Implementation' and/or device 'xc7a75t'
INFO: [Common 17-349] Got license for feature 'Implementation' and/or device 'xc7a75t'
Running DRC as a precondition to command opt_design

Starting DRC Task
INFO: [DRC 23-27] Running DRC with 2 threads
INFO: [Project 1-461] DRC finished with 0 Errors
INFO: [Project 1-462] Please refer to the DRC report (report_drc) for more information.

Time (s): cpu = 00:00:01 ; elapsed = 00:00:00.732 . Memory (MB): peak = 2115.176 ; gain = 0.000

Starting Cache Timing Information Task
INFO: [Timing 38-35] Done setting XDC timing constraints.
Ending Cache Timing Information Task | Checksum: 18c55b892

Time (s): cpu = 00:00:00 ; elapsed = 00:00:00.015 . Memory (MB): peak = 2143.715 ; gain = 28.539

Starting Logic Optimization Task

Phase 1 Retarget
INFO: [Opt 31-138] Pushed 0 inverter(s) to 0 load pin(s).
INFO: [Opt 31-49] Retargeted 0 cell(s).
Phase 1 Retarget | Checksum: 18c55b892

Time (s): cpu = 00:00:00 ; elapsed = 00:00:00.018 . Memory (MB): peak = 2469.762 ; gain = 0.000
INFO: [Opt 31-389] Phase Retarget created 0 cells and removed 0 cells

Phase 2 Constant propagation
INFO: [Opt 31-138] Pushed 0 inverter(s) to 0 load pin(s).
Phase 2 Constant propagation | Checksum: 18c55b892

Time (s): cpu = 00:00:00 ; elapsed = 00:00:00.025 . Memory (MB): peak = 2469.762 ; gain = 0.000
INFO: [Opt 31-389] Phase Constant propagation created 0 cells and removed 0 cells

Phase 3 Sweep
Phase 3 Sweep | Checksum: 1c0c0ad8c

Time (s): cpu = 00:00:00 ; elapsed = 00:00:00.031 . Memory (MB): peak = 2469.762 ; gain = 0.000
INFO: [Opt 31-389] Phase Sweep created 0 cells and removed 0 cells

Phase 4 BUFG optimization
Phase 4 BUFG optimization | Checksum: 1c0c0ad8c

Time (s): cpu = 00:00:00 ; elapsed = 00:00:00.060 . Memory (MB): peak = 2469.762 ; gain = 0.000
INFO: [Opt 31-662] Phase BUFG optimization created 0 cells of which 0 are BUFGs and removed 0 cells.

Phase 5 Shift Register Optimization
INFO: [Opt 31-1064] SRL Remap converted 0 SRLs to 0 registers and converted 0 registers of register chains to 0 SRLs
Phase 5 Shift Register Optimization | Checksum: 1c0c0ad8c

Time (s): cpu = 00:00:00 ; elapsed = 00:00:00.066 . Memory (MB): peak = 2469.762 ; gain = 0.000
INFO: [Opt 31-389] Phase Shift Register Optimization created 0 cells and removed 0 cells

Phase 6 Post Processing Netlist
Phase 6 Post Processing Netlist | Checksum: 1c0c0ad8c

Time (s): cpu = 00:00:00 ; elapsed = 00:00:00.071 . Memory (MB): peak = 2469.762 ; gain = 0.000
INFO: [Opt 31-389] Phase Post Processing Netlist created 0 cells and removed 0 cells
Opt_design Change Summary
=========================


-------------------------------------------------------------------------------------------------------------------------
|  Phase                        |  #Cells created  |  #Cells Removed  |  #Constrained objects preventing optimizations  |
-------------------------------------------------------------------------------------------------------------------------
|  Retarget                     |               0  |               0  |                                              0  |
|  Constant propagation         |               0  |               0  |                                              0  |
|  Sweep                        |               0  |               0  |                                              0  |
|  BUFG optimization            |               0  |               0  |                                              0  |
|  Shift Register Optimization  |               0  |               0  |                                              0  |
|  Post Processing Netlist      |               0  |               0  |                                              0  |
-------------------------------------------------------------------------------------------------------------------------



Starting Connectivity Check Task

Time (s): cpu = 00:00:00 ; elapsed = 00:00:00.002 . Memory (MB): peak = 2469.762 ; gain = 0.000
Ending Logic Optimization Task | Checksum: 21c6e053c

Time (s): cpu = 00:00:00 ; elapsed = 00:00:00.091 . Memory (MB): peak = 2469.762 ; gain = 0.000

Starting Power Optimization Task
INFO: [Pwropt 34-132] Skipping clock gating for clocks with a period < 2.00 ns.
Ending Power Optimization Task | Checksum: 21c6e053c

Time (s): cpu = 00:00:00 ; elapsed = 00:00:00.010 . Memory (MB): peak = 2469.762 ; gain = 0.000

Starting Final Cleanup Task
Ending Final Cleanup Task | Checksum: 21c6e053c

Time (s): cpu = 00:00:00 ; elapsed = 00:00:00.002 . Memory (MB): peak = 2469.762 ; gain = 0.000

Starting Netlist Obfuscation Task
Netlist sorting complete. Time (s): cpu = 00:00:00 ; elapsed = 00:00:00 . Memory (MB): peak = 2469.762 ; gain = 0.000
Ending Netlist Obfuscation Task | Checksum: 21c6e053c

Time (s): cpu = 00:00:00 ; elapsed = 00:00:00.004 . Memory (MB): peak = 2469.762 ; gain = 0.000
INFO: [Common 17-83] Releasing license: Implementation
36 Infos, 110 Warnings, 114 Critical Warnings and 0 Errors encountered.
opt_design completed successfully
INFO: [Timing 38-480] Writing timing data to binary archive.
Writing XDEF routing.
Writing XDEF routing logical nets.
Writing XDEF routing special nets.
Write XDEF Complete: Time (s): cpu = 00:00:00 ; elapsed = 00:00:00.163 . Memory (MB): peak = 2469.762 ; gain = 0.000
INFO: [Common 17-1381] The checkpoint 'U:/Desktop/ECE437/Lab3/Lab3.runs/impl_1/lab3_example_opt.dcp' has been generated.
INFO: [runtcl-4] Executing : report_drc -file lab3_example_drc_opted.rpt -pb lab3_example_drc_opted.pb -rpx lab3_example_drc_opted.rpx
Command: report_drc -file lab3_example_drc_opted.rpt -pb lab3_example_drc_opted.pb -rpx lab3_example_drc_opted.rpx
INFO: [IP_Flow 19-234] Refreshing IP repositories
INFO: [IP_Flow 19-1704] No user IP repositories specified
INFO: [IP_Flow 19-2313] Loaded Vivado IP repository 'C:/Xilinx/Vivado/2022.2/data/ip'.
INFO: [DRC 23-27] Running DRC with 2 threads
INFO: [Vivado_Tcl 2-168] The results of DRC are in file U:/Desktop/ECE437/Lab3/Lab3.runs/impl_1/lab3_example_drc_opted.rpt.
report_drc completed successfully
Command: place_design
Attempting to get a license for feature 'Implementation' and/or device 'xc7a75t'
INFO: [Common 17-349] Got license for feature 'Implementation' and/or device 'xc7a75t'
INFO: [DRC 23-27] Running DRC with 2 threads
INFO: [Vivado_Tcl 4-198] DRC finished with 0 Errors
INFO: [Vivado_Tcl 4-199] Please refer to the DRC report (report_drc) for more information.
Running DRC as a precondition to command place_design
INFO: [DRC 23-27] Running DRC with 2 threads
INFO: [Vivado_Tcl 4-198] DRC finished with 0 Errors
INFO: [Vivado_Tcl 4-199] Please refer to the DRC report (report_drc) for more information.

Starting Placer Task
INFO: [Place 30-611] Multithreading enabled for place_design using a maximum of 2 CPUs

Phase 1 Placer Initialization

Phase 1.1 Placer Initialization Netlist Sorting
Netlist sorting complete. Time (s): cpu = 00:00:00 ; elapsed = 00:00:00 . Memory (MB): peak = 2469.762 ; gain = 0.000
Phase 1.1 Placer Initialization Netlist Sorting | Checksum: 16bcadcc9

Time (s): cpu = 00:00:00 ; elapsed = 00:00:00.011 . Memory (MB): peak = 2469.762 ; gain = 0.000
Netlist sorting complete. Time (s): cpu = 00:00:00 ; elapsed = 00:00:00 . Memory (MB): peak = 2469.762 ; gain = 0.000

Phase 1.2 IO Placement/ Clock Placement/ Build Placer Device
INFO: [Timing 38-35] Done setting XDC timing constraints.
Phase 1.2 IO Placement/ Clock Placement/ Build Placer Device | Checksum: 56caa7ae

Time (s): cpu = 00:00:00 ; elapsed = 00:00:00.209 . Memory (MB): peak = 2469.762 ; gain = 0.000

Phase 1.3 Build Placer Netlist Model
Phase 1.3 Build Placer Netlist Model | Checksum: 1163722df

Time (s): cpu = 00:00:00 ; elapsed = 00:00:00.275 . Memory (MB): peak = 2469.762 ; gain = 0.000

Phase 1.4 Constrain Clocks/Macros
Phase 1.4 Constrain Clocks/Macros | Checksum: 1163722df

Time (s): cpu = 00:00:00 ; elapsed = 00:00:00.281 . Memory (MB): peak = 2469.762 ; gain = 0.000
Phase 1 Placer Initialization | Checksum: 1163722df

Time (s): cpu = 00:00:00 ; elapsed = 00:00:00.285 . Memory (MB): peak = 2469.762 ; gain = 0.000

Phase 2 Global Placement

Phase 2.1 Floorplanning
Phase 2.1 Floorplanning | Checksum: d6bda94d

Time (s): cpu = 00:00:00 ; elapsed = 00:00:00.347 . Memory (MB): peak = 2469.762 ; gain = 0.000

Phase 2.2 Update Timing before SLR Path Opt
Phase 2.2 Update Timing before SLR Path Opt | Checksum: 141ff3797

Time (s): cpu = 00:00:00 ; elapsed = 00:00:00.383 . Memory (MB): peak = 2469.762 ; gain = 0.000

Phase 2.3 Post-Processing in Floorplanning
Phase 2.3 Post-Processing in Floorplanning | Checksum: 141ff3797

Time (s): cpu = 00:00:00 ; elapsed = 00:00:00.387 . Memory (MB): peak = 2469.762 ; gain = 0.000

Phase 2.4 Global Placement Core

Phase 2.4.1 UpdateTiming Before Physical Synthesis
Phase 2.4.1 UpdateTiming Before Physical Synthesis | Checksum: 63d8049b

Time (s): cpu = 00:00:00 ; elapsed = 00:00:00.779 . Memory (MB): peak = 2469.762 ; gain = 0.000

Phase 2.4.2 Physical Synthesis In Placer
INFO: [Physopt 32-1044] Break lutnm for timing: one critical 0, two critical 0, total 0, new lutff created 0
INFO: [Physopt 32-1138] End 1 Pass. Optimized 0 net or LUT. Breaked 0 LUT, combined 0 existing LUT and moved 0 existing LUT
INFO: [Physopt 32-65] No nets found for high-fanout optimization.
INFO: [Physopt 32-232] Optimized 0 net. Created 0 new instance.
INFO: [Physopt 32-775] End 1 Pass. Optimized 0 net or cell. Created 0 new cell, deleted 0 existing cell and moved 0 existing cell
INFO: [Physopt 32-670] No setup violation found.  DSP Register Optimization was not performed.
INFO: [Physopt 32-670] No setup violation found.  Shift Register to Pipeline Optimization was not performed.
INFO: [Physopt 32-670] No setup violation found.  Shift Register Optimization was not performed.
INFO: [Physopt 32-670] No setup violation found.  BRAM Register Optimization was not performed.
INFO: [Physopt 32-670] No setup violation found.  URAM Register Optimization was not performed.
INFO: [Physopt 32-949] No candidate nets found for dynamic/static region interface net replication
INFO: [Physopt 32-775] End 1 Pass. Optimized 0 net or cell. Created 0 new cell, deleted 0 existing cell and moved 0 existing cell
Netlist sorting complete. Time (s): cpu = 00:00:00 ; elapsed = 00:00:00 . Memory (MB): peak = 2469.762 ; gain = 0.000

Summary of Physical Synthesis Optimizations
============================================


-----------------------------------------------------------------------------------------------------------------------------------------------------------
|  Optimization                                     |  Added Cells  |  Removed Cells  |  Optimized Cells/Nets  |  Dont Touch  |  Iterations  |  Elapsed   |
-----------------------------------------------------------------------------------------------------------------------------------------------------------
|  LUT Combining                                    |            0  |              0  |                     0  |           0  |           1  |  00:00:00  |
|  Retime                                           |            0  |              0  |                     0  |           0  |           1  |  00:00:00  |
|  Very High Fanout                                 |            0  |              0  |                     0  |           0  |           1  |  00:00:00  |
|  DSP Register                                     |            0  |              0  |                     0  |           0  |           0  |  00:00:00  |
|  Shift Register to Pipeline                       |            0  |              0  |                     0  |           0  |           0  |  00:00:00  |
|  Shift Register                                   |            0  |              0  |                     0  |           0  |           0  |  00:00:00  |
|  BRAM Register                                    |            0  |              0  |                     0  |           0  |           0  |  00:00:00  |
|  URAM Register                                    |            0  |              0  |                     0  |           0  |           0  |  00:00:00  |
|  Dynamic/Static Region Interface Net Replication  |            0  |              0  |                     0  |           0  |           1  |  00:00:00  |
|  Total                                            |            0  |              0  |                     0  |           0  |           4  |  00:00:00  |
-----------------------------------------------------------------------------------------------------------------------------------------------------------


Phase 2.4.2 Physical Synthesis In Placer | Checksum: 63d8049b

Time (s): cpu = 00:00:00 ; elapsed = 00:00:00.833 . Memory (MB): peak = 2469.762 ; gain = 0.000
Phase 2.4 Global Placement Core | Checksum: a722e820

Time (s): cpu = 00:00:00 ; elapsed = 00:00:00.860 . Memory (MB): peak = 2469.762 ; gain = 0.000
Phase 2 Global Placement | Checksum: a722e820

Time (s): cpu = 00:00:00 ; elapsed = 00:00:00.864 . Memory (MB): peak = 2469.762 ; gain = 0.000

Phase 3 Detail Placement

Phase 3.1 Commit Multi Column Macros
Phase 3.1 Commit Multi Column Macros | Checksum: e02b9b4a

Time (s): cpu = 00:00:00 ; elapsed = 00:00:00.901 . Memory (MB): peak = 2469.762 ; gain = 0.000

Phase 3.2 Commit Most Macros & LUTRAMs
Phase 3.2 Commit Most Macros & LUTRAMs | Checksum: 1955efb67

Time (s): cpu = 00:00:00 ; elapsed = 00:00:00.962 . Memory (MB): peak = 2469.762 ; gain = 0.000

Phase 3.3 Area Swap Optimization
Phase 3.3 Area Swap Optimization | Checksum: 1e2404cee

Time (s): cpu = 00:00:00 ; elapsed = 00:00:00.970 . Memory (MB): peak = 2469.762 ; gain = 0.000

Phase 3.4 Pipeline Register Optimization
Phase 3.4 Pipeline Register Optimization | Checksum: 122de33ea

Time (s): cpu = 00:00:00 ; elapsed = 00:00:00.974 . Memory (MB): peak = 2469.762 ; gain = 0.000

Phase 3.5 Small Shape Detail Placement
Phase 3.5 Small Shape Detail Placement | Checksum: 1e22f369b

Time (s): cpu = 00:00:01 ; elapsed = 00:00:01 . Memory (MB): peak = 2469.762 ; gain = 0.000

Phase 3.6 Re-assign LUT pins
Phase 3.6 Re-assign LUT pins | Checksum: 1759a55c1

Time (s): cpu = 00:00:01 ; elapsed = 00:00:01 . Memory (MB): peak = 2469.762 ; gain = 0.000

Phase 3.7 Pipeline Register Optimization
Phase 3.7 Pipeline Register Optimization | Checksum: b578acb5

Time (s): cpu = 00:00:01 ; elapsed = 00:00:01 . Memory (MB): peak = 2469.762 ; gain = 0.000
Phase 3 Detail Placement | Checksum: b578acb5

Time (s): cpu = 00:00:01 ; elapsed = 00:00:01 . Memory (MB): peak = 2469.762 ; gain = 0.000

Phase 4 Post Placement Optimization and Clean-Up

Phase 4.1 Post Commit Optimization
INFO: [Timing 38-35] Done setting XDC timing constraints.

Phase 4.1.1 Post Placement Optimization
Post Placement Optimization Initialization | Checksum: efa947b4

Phase 4.1.1.1 BUFG Insertion

Starting Physical Synthesis Task

Phase 1 Physical Synthesis Initialization
INFO: [Physopt 32-721] Multithreading enabled for phys_opt_design using a maximum of 2 CPUs
INFO: [Physopt 32-619] Estimated Timing Summary | WNS=1.018 | TNS=0.000 |
Phase 1 Physical Synthesis Initialization | Checksum: 1345fa1f2

Time (s): cpu = 00:00:00 ; elapsed = 00:00:00.015 . Memory (MB): peak = 2469.762 ; gain = 0.000
INFO: [Place 46-56] BUFG insertion identified 0 candidate nets. Inserted BUFG: 0, Replicated BUFG Driver: 0, Skipped due to Placement/Routing Conflicts: 0, Skipped due to Timing Degradation: 0, Skipped due to Illegal Netlist: 0.
Ending Physical Synthesis Task | Checksum: 1746bdfbb

Time (s): cpu = 00:00:00 ; elapsed = 00:00:00.020 . Memory (MB): peak = 2469.762 ; gain = 0.000
Phase 4.1.1.1 BUFG Insertion | Checksum: efa947b4

Time (s): cpu = 00:00:01 ; elapsed = 00:00:01 . Memory (MB): peak = 2469.762 ; gain = 0.000

Phase 4.1.1.2 Post Placement Timing Optimization
INFO: [Place 30-746] Post Placement Timing Summary WNS=1.018. For the most accurate timing information please run report_timing.
Phase 4.1.1.2 Post Placement Timing Optimization | Checksum: 1335a70c2

Time (s): cpu = 00:00:01 ; elapsed = 00:00:01 . Memory (MB): peak = 2469.762 ; gain = 0.000

Time (s): cpu = 00:00:01 ; elapsed = 00:00:01 . Memory (MB): peak = 2469.762 ; gain = 0.000
Phase 4.1 Post Commit Optimization | Checksum: 1335a70c2

Time (s): cpu = 00:00:01 ; elapsed = 00:00:01 . Memory (MB): peak = 2469.762 ; gain = 0.000

Phase 4.2 Post Placement Cleanup
Phase 4.2 Post Placement Cleanup | Checksum: 1335a70c2

Time (s): cpu = 00:00:01 ; elapsed = 00:00:01 . Memory (MB): peak = 2469.762 ; gain = 0.000

Phase 4.3 Placer Reporting

Phase 4.3.1 Print Estimated Congestion
INFO: [Place 30-612] Post-Placement Estimated Congestion 
 ____________________________________________________
|           | Global Congestion | Short Congestion  |
| Direction | Region Size       | Region Size       |
|___________|___________________|___________________|
|      North|                1x1|                1x1|
|___________|___________________|___________________|
|      South|                1x1|                1x1|
|___________|___________________|___________________|
|       East|                1x1|                1x1|
|___________|___________________|___________________|
|       West|                1x1|                1x1|
|___________|___________________|___________________|

Phase 4.3.1 Print Estimated Congestion | Checksum: 1335a70c2

Time (s): cpu = 00:00:01 ; elapsed = 00:00:01 . Memory (MB): peak = 2469.762 ; gain = 0.000
Phase 4.3 Placer Reporting | Checksum: 1335a70c2

Time (s): cpu = 00:00:01 ; elapsed = 00:00:01 . Memory (MB): peak = 2469.762 ; gain = 0.000

Phase 4.4 Final Placement Cleanup
Netlist sorting complete. Time (s): cpu = 00:00:00 ; elapsed = 00:00:00 . Memory (MB): peak = 2469.762 ; gain = 0.000

Time (s): cpu = 00:00:01 ; elapsed = 00:00:01 . Memory (MB): peak = 2469.762 ; gain = 0.000
Phase 4 Post Placement Optimization and Clean-Up | Checksum: 153c38c3a

Time (s): cpu = 00:00:01 ; elapsed = 00:00:01 . Memory (MB): peak = 2469.762 ; gain = 0.000
Ending Placer Task | Checksum: e431d2c0

Time (s): cpu = 00:00:01 ; elapsed = 00:00:01 . Memory (MB): peak = 2469.762 ; gain = 0.000
INFO: [Common 17-83] Releasing license: Implementation
72 Infos, 110 Warnings, 114 Critical Warnings and 0 Errors encountered.
place_design completed successfully
INFO: [Timing 38-480] Writing timing data to binary archive.
Writing XDEF routing.
Writing XDEF routing logical nets.
Writing XDEF routing special nets.
Write XDEF Complete: Time (s): cpu = 00:00:00 ; elapsed = 00:00:00.188 . Memory (MB): peak = 2469.762 ; gain = 0.000
INFO: [Common 17-1381] The checkpoint 'U:/Desktop/ECE437/Lab3/Lab3.runs/impl_1/lab3_example_placed.dcp' has been generated.
INFO: [runtcl-4] Executing : report_io -file lab3_example_io_placed.rpt
report_io: Time (s): cpu = 00:00:00 ; elapsed = 00:00:00.073 . Memory (MB): peak = 2469.762 ; gain = 0.000
INFO: [runtcl-4] Executing : report_utilization -file lab3_example_utilization_placed.rpt -pb lab3_example_utilization_placed.pb
INFO: [runtcl-4] Executing : report_control_sets -verbose -file lab3_example_control_sets_placed.rpt
report_control_sets: Time (s): cpu = 00:00:00 ; elapsed = 00:00:00.005 . Memory (MB): peak = 2469.762 ; gain = 0.000
Command: phys_opt_design
Attempting to get a license for feature 'Implementation' and/or device 'xc7a75t'
INFO: [Common 17-349] Got license for feature 'Implementation' and/or device 'xc7a75t'

Starting Initial Update Timing Task

Time (s): cpu = 00:00:00 ; elapsed = 00:00:00.022 . Memory (MB): peak = 2476.527 ; gain = 6.766
INFO: [Vivado_Tcl 4-383] Design worst setup slack (WNS) is greater than or equal to 0.000 ns. Skipping all physical synthesis optimizations.
INFO: [Vivado_Tcl 4-232] No setup violation found. The netlist was not modified.
INFO: [Common 17-83] Releasing license: Implementation
81 Infos, 110 Warnings, 114 Critical Warnings and 0 Errors encountered.
phys_opt_design completed successfully
INFO: [Timing 38-480] Writing timing data to binary archive.
Writing XDEF routing.
Writing XDEF routing logical nets.
Writing XDEF routing special nets.
Write XDEF Complete: Time (s): cpu = 00:00:00 ; elapsed = 00:00:00.193 . Memory (MB): peak = 2494.387 ; gain = 17.859
INFO: [Common 17-1381] The checkpoint 'U:/Desktop/ECE437/Lab3/Lab3.runs/impl_1/lab3_example_physopt.dcp' has been generated.
Command: route_design
Attempting to get a license for feature 'Implementation' and/or device 'xc7a75t'
INFO: [Common 17-349] Got license for feature 'Implementation' and/or device 'xc7a75t'
Running DRC as a precondition to command route_design
INFO: [DRC 23-27] Running DRC with 2 threads
INFO: [Vivado_Tcl 4-198] DRC finished with 0 Errors
INFO: [Vivado_Tcl 4-199] Please refer to the DRC report (report_drc) for more information.


Starting Routing Task
INFO: [Route 35-254] Multithreading enabled for route_design using a maximum of 2 CPUs

Phase 1 Build RT Design
Checksum: PlaceDB: 6becce35 ConstDB: 0 ShapeSum: 7845048b RouteDB: 0
Post Restoration Checksum: NetGraph: 617ef371 NumContArr: 5f28be3a Constraints: 0 Timing: 0
Phase 1 Build RT Design | Checksum: c0a7b1ab

Time (s): cpu = 00:00:22 ; elapsed = 00:00:21 . Memory (MB): peak = 2603.676 ; gain = 100.082

Phase 2 Router Initialization

Phase 2.1 Fix Topology Constraints
Phase 2.1 Fix Topology Constraints | Checksum: c0a7b1ab

Time (s): cpu = 00:00:22 ; elapsed = 00:00:21 . Memory (MB): peak = 2609.711 ; gain = 106.117

Phase 2.2 Pre Route Cleanup
Phase 2.2 Pre Route Cleanup | Checksum: c0a7b1ab

Time (s): cpu = 00:00:22 ; elapsed = 00:00:21 . Memory (MB): peak = 2609.711 ; gain = 106.117
 Number of Nodes with overlaps = 0

Phase 2.3 Update Timing
Phase 2.3 Update Timing | Checksum: 2a25838aa

Time (s): cpu = 00:00:23 ; elapsed = 00:00:21 . Memory (MB): peak = 2630.512 ; gain = 126.918
INFO: [Route 35-416] Intermediate Timing Summary | WNS=0.998  | TNS=0.000  | WHS=-0.021 | THS=-0.285 |


Router Utilization Summary
  Global Vertical Routing Utilization    = 0.000391696 %
  Global Horizontal Routing Utilization  = 0.000710429 %
  Routable Net Status*
  *Does not include unroutable nets such as driverless and loadless.
  Run report_route_status for detailed report.
  Number of Failed Nets               = 77
    (Failed Nets is the sum of unrouted and partially routed nets)
  Number of Unrouted Nets             = 76
  Number of Partially Routed Nets     = 1
  Number of Node Overlaps             = 0

Phase 2 Router Initialization | Checksum: 1c1448938

Time (s): cpu = 00:00:23 ; elapsed = 00:00:21 . Memory (MB): peak = 2630.512 ; gain = 126.918

Phase 3 Initial Routing

Phase 3.1 Global Routing
Phase 3.1 Global Routing | Checksum: 1c1448938

Time (s): cpu = 00:00:23 ; elapsed = 00:00:21 . Memory (MB): peak = 2630.512 ; gain = 126.918
Phase 3 Initial Routing | Checksum: 1e73d1493

Time (s): cpu = 00:00:23 ; elapsed = 00:00:21 . Memory (MB): peak = 2630.512 ; gain = 126.918

Phase 4 Rip-up And Reroute

Phase 4.1 Global Iteration 0
 Number of Nodes with overlaps = 4
 Number of Nodes with overlaps = 2
 Number of Nodes with overlaps = 2
 Number of Nodes with overlaps = 1
 Number of Nodes with overlaps = 1
 Number of Nodes with overlaps = 1
 Number of Nodes with overlaps = 1
 Number of Nodes with overlaps = 1
 Number of Nodes with overlaps = 1
 Number of Nodes with overlaps = 0
INFO: [Route 35-416] Intermediate Timing Summary | WNS=1.047  | TNS=0.000  | WHS=N/A    | THS=N/A    |

Phase 4.1 Global Iteration 0 | Checksum: 24ce5cecf

Time (s): cpu = 00:00:23 ; elapsed = 00:00:22 . Memory (MB): peak = 2630.512 ; gain = 126.918
Phase 4 Rip-up And Reroute | Checksum: 24ce5cecf

Time (s): cpu = 00:00:23 ; elapsed = 00:00:22 . Memory (MB): peak = 2630.512 ; gain = 126.918

Phase 5 Delay and Skew Optimization

Phase 5.1 Delay CleanUp

Phase 5.1.1 Update Timing
Phase 5.1.1 Update Timing | Checksum: 21b18c72c

Time (s): cpu = 00:00:23 ; elapsed = 00:00:22 . Memory (MB): peak = 2630.512 ; gain = 126.918
INFO: [Route 35-416] Intermediate Timing Summary | WNS=0.936  | TNS=0.000  | WHS=N/A    | THS=N/A    |

Phase 5.1 Delay CleanUp | Checksum: 21b18c72c

Time (s): cpu = 00:00:23 ; elapsed = 00:00:22 . Memory (MB): peak = 2630.512 ; gain = 126.918

Phase 5.2 Clock Skew Optimization
Phase 5.2 Clock Skew Optimization | Checksum: 21b18c72c

Time (s): cpu = 00:00:23 ; elapsed = 00:00:22 . Memory (MB): peak = 2630.512 ; gain = 126.918
Phase 5 Delay and Skew Optimization | Checksum: 21b18c72c

Time (s): cpu = 00:00:23 ; elapsed = 00:00:22 . Memory (MB): peak = 2630.512 ; gain = 126.918

Phase 6 Post Hold Fix

Phase 6.1 Hold Fix Iter

Phase 6.1.1 Update Timing
Phase 6.1.1 Update Timing | Checksum: 2362e5735

Time (s): cpu = 00:00:23 ; elapsed = 00:00:22 . Memory (MB): peak = 2630.512 ; gain = 126.918
INFO: [Route 35-416] Intermediate Timing Summary | WNS=0.936  | TNS=0.000  | WHS=0.247  | THS=0.000  |

Phase 6.1 Hold Fix Iter | Checksum: 220da63a4

Time (s): cpu = 00:00:23 ; elapsed = 00:00:22 . Memory (MB): peak = 2630.512 ; gain = 126.918
Phase 6 Post Hold Fix | Checksum: 220da63a4

Time (s): cpu = 00:00:23 ; elapsed = 00:00:22 . Memory (MB): peak = 2630.512 ; gain = 126.918

Phase 7 Route finalize

Router Utilization Summary
  Global Vertical Routing Utilization    = 0.0174087 %
  Global Horizontal Routing Utilization  = 0.00568343 %
  Routable Net Status*
  *Does not include unroutable nets such as driverless and loadless.
  Run report_route_status for detailed report.
  Number of Failed Nets               = 0
    (Failed Nets is the sum of unrouted and partially routed nets)
  Number of Unrouted Nets             = 0
  Number of Partially Routed Nets     = 0
  Number of Node Overlaps             = 0

Phase 7 Route finalize | Checksum: 207981c8f

Time (s): cpu = 00:00:23 ; elapsed = 00:00:22 . Memory (MB): peak = 2630.512 ; gain = 126.918

Phase 8 Verifying routed nets

 Verification completed successfully
Phase 8 Verifying routed nets | Checksum: 207981c8f

Time (s): cpu = 00:00:23 ; elapsed = 00:00:22 . Memory (MB): peak = 2630.512 ; gain = 126.918

Phase 9 Depositing Routes
Phase 9 Depositing Routes | Checksum: 17f69f766

Time (s): cpu = 00:00:23 ; elapsed = 00:00:22 . Memory (MB): peak = 2630.512 ; gain = 126.918

Phase 10 Post Router Timing
INFO: [Route 35-57] Estimated Timing Summary | WNS=0.936  | TNS=0.000  | WHS=0.247  | THS=0.000  |

INFO: [Route 35-327] The final timing numbers are based on the router estimated timing analysis. For a complete and accurate timing signoff, please run report_timing_summary.
Phase 10 Post Router Timing | Checksum: 17f69f766

Time (s): cpu = 00:00:23 ; elapsed = 00:00:22 . Memory (MB): peak = 2630.512 ; gain = 126.918
INFO: [Route 35-16] Router Completed Successfully

Time (s): cpu = 00:00:23 ; elapsed = 00:00:22 . Memory (MB): peak = 2630.512 ; gain = 126.918

Routing Is Done.
INFO: [Common 17-83] Releasing license: Implementation
96 Infos, 110 Warnings, 114 Critical Warnings and 0 Errors encountered.
route_design completed successfully
route_design: Time (s): cpu = 00:00:24 ; elapsed = 00:00:22 . Memory (MB): peak = 2630.512 ; gain = 136.125
INFO: [Timing 38-480] Writing timing data to binary archive.
Writing XDEF routing.
Writing XDEF routing logical nets.
Writing XDEF routing special nets.
Write XDEF Complete: Time (s): cpu = 00:00:00 ; elapsed = 00:00:00.187 . Memory (MB): peak = 2637.527 ; gain = 7.016
INFO: [Common 17-1381] The checkpoint 'U:/Desktop/ECE437/Lab3/Lab3.runs/impl_1/lab3_example_routed.dcp' has been generated.
INFO: [runtcl-4] Executing : report_drc -file lab3_example_drc_routed.rpt -pb lab3_example_drc_routed.pb -rpx lab3_example_drc_routed.rpx
Command: report_drc -file lab3_example_drc_routed.rpt -pb lab3_example_drc_routed.pb -rpx lab3_example_drc_routed.rpx
INFO: [IP_Flow 19-1839] IP Catalog is up to date.
INFO: [DRC 23-27] Running DRC with 2 threads
INFO: [Vivado_Tcl 2-168] The results of DRC are in file U:/Desktop/ECE437/Lab3/Lab3.runs/impl_1/lab3_example_drc_routed.rpt.
report_drc completed successfully
INFO: [runtcl-4] Executing : report_methodology -file lab3_example_methodology_drc_routed.rpt -pb lab3_example_methodology_drc_routed.pb -rpx lab3_example_methodology_drc_routed.rpx
Command: report_methodology -file lab3_example_methodology_drc_routed.rpt -pb lab3_example_methodology_drc_routed.pb -rpx lab3_example_methodology_drc_routed.rpx
INFO: [Timing 38-35] Done setting XDC timing constraints.
INFO: [DRC 23-133] Running Methodology with 2 threads
INFO: [Vivado_Tcl 2-1520] The results of Report Methodology are in file U:/Desktop/ECE437/Lab3/Lab3.runs/impl_1/lab3_example_methodology_drc_routed.rpt.
report_methodology completed successfully
INFO: [runtcl-4] Executing : report_power -file lab3_example_power_routed.rpt -pb lab3_example_power_summary_routed.pb -rpx lab3_example_power_routed.rpx
Command: report_power -file lab3_example_power_routed.rpt -pb lab3_example_power_summary_routed.pb -rpx lab3_example_power_routed.rpx
INFO: [Timing 38-35] Done setting XDC timing constraints.
Running Vector-less Activity Propagation...

Finished Running Vector-less Activity Propagation
108 Infos, 110 Warnings, 114 Critical Warnings and 0 Errors encountered.
report_power completed successfully
INFO: [runtcl-4] Executing : report_route_status -file lab3_example_route_status.rpt -pb lab3_example_route_status.pb
INFO: [runtcl-4] Executing : report_timing_summary -max_paths 10 -report_unconstrained -file lab3_example_timing_summary_routed.rpt -pb lab3_example_timing_summary_routed.pb -rpx lab3_example_timing_summary_routed.rpx -warn_on_violation 
INFO: [Timing 38-91] UpdateTimingParams: Speed grade: -1, Delay Type: min_max.
INFO: [Timing 38-191] Multithreading enabled for timing update using a maximum of 2 CPUs
INFO: [runtcl-4] Executing : report_incremental_reuse -file lab3_example_incremental_reuse_routed.rpt
INFO: [Vivado_Tcl 4-1062] Incremental flow is disabled. No incremental reuse Info to report.
INFO: [runtcl-4] Executing : report_clock_utilization -file lab3_example_clock_utilization_routed.rpt
INFO: [runtcl-4] Executing : report_bus_skew -warn_on_violation -file lab3_example_bus_skew_routed.rpt -pb lab3_example_bus_skew_routed.pb -rpx lab3_example_bus_skew_routed.rpx
INFO: [Timing 38-91] UpdateTimingParams: Speed grade: -1, Delay Type: min_max.
INFO: [Timing 38-191] Multithreading enabled for timing update using a maximum of 2 CPUs
Command: write_bitstream -force lab3_example.bit
Attempting to get a license for feature 'Implementation' and/or device 'xc7a75t'
INFO: [Common 17-349] Got license for feature 'Implementation' and/or device 'xc7a75t'
Running DRC as a precondition to command write_bitstream
INFO: [IP_Flow 19-1839] IP Catalog is up to date.
INFO: [DRC 23-27] Running DRC with 2 threads
INFO: [Vivado 12-3199] DRC finished with 0 Errors
INFO: [Vivado 12-3200] Please refer to the DRC report (report_drc) for more information.
INFO: [Designutils 20-2272] Running write_bitstream with 2 threads.
Loading data files...
Loading site data...
Loading route data...
Processing options...
Creating bitmap...
Creating bitstream...
Bitstream compression saved 27450752 bits.
Writing bitstream ./lab3_example.bit...
INFO: [Vivado 12-1842] Bitgen Completed Successfully.
INFO: [Project 1-1876] WebTalk data collection is mandatory when using a ULT device. To see the specific WebTalk data collected for your design, open the usage_statistics_webtalk.html or usage_statistics_webtalk.xml file in the implementation directory.
INFO: [Common 17-83] Releasing license: Implementation
12 Infos, 0 Warnings, 0 Critical Warnings and 0 Errors encountered.
write_bitstream completed successfully
write_bitstream: Time (s): cpu = 00:00:08 ; elapsed = 00:00:07 . Memory (MB): peak = 3103.664 ; gain = 444.066
INFO: [Common 17-206] Exiting Vivado at Thu Sep 12 14:45:12 2024...
