Copyright 1986-2022 Xilinx, Inc. All Rights Reserved.
---------------------------------------------------------------------------------------------------------------------------
| Tool Version : Vivado v.2022.1 (win64) Build 3526262 Mon Apr 18 15:48:16 MDT 2022
| Date         : Wed Sep  4 09:50:46 2024
| Host         : PhilsLegion running 64-bit major release  (build 9200)
| Command      : report_drc -file lab2_example_drc_opted.rpt -pb lab2_example_drc_opted.pb -rpx lab2_example_drc_opted.rpx
| Design       : lab2_example
| Device       : xc7a75tfgg484-1
| Speed File   : -1
| Design State : Synthesized
---------------------------------------------------------------------------------------------------------------------------

Report DRC

Table of Contents
-----------------
1. REPORT SUMMARY
2. REPORT DETAILS

1. REPORT SUMMARY
-----------------
            Netlist: netlist
          Floorplan: design_1
      Design limits: <entire design considered>
           Ruledeck: default
             Max violations: <unlimited>
             Violations found: 21
+-----------+----------+----------------------------+------------+
| Rule      | Severity | Description                | Violations |
+-----------+----------+----------------------------+------------+
| CHECK-3   | Warning  | Report rule limit reached  | 1          |
| REQP-1839 | Warning  | RAMB36 async control check | 20         |
+-----------+----------+----------------------------+------------+

2. REPORT DETAILS
-----------------
CHECK-3#1 Warning
Report rule limit reached  
REQP-1839 rule limit reached: 20 violations have been found.
Related violations: <none>

REQP-1839#1 Warning
RAMB36 async control check  
The RAMB36E1 hostIF/core0/core0/r0 has an input control pin hostIF/core0/core0/r0/ADDRARDADDR[10] (net: hostIF/core0/core0/l287f1d33aab074157010cd04cb03cd77_reg_n_0_[5]) which is driven by a register (hostIF/core0/core0/l287f1d33aab074157010cd04cb03cd77_reg[5]) that has an active asychronous set or reset. This may cause corruption of the memory contents and/or read values when the set/reset is asserted and is not analyzed by the default static timing analysis. It is suggested to eliminate the use of a set/reset to registers driving this RAMB pin or else use a synchronous reset in which the assertion of the reset is timed by default.
Related violations: <none>

REQP-1839#2 Warning
RAMB36 async control check  
The RAMB36E1 hostIF/core0/core0/r0 has an input control pin hostIF/core0/core0/r0/ADDRARDADDR[11] (net: hostIF/core0/core0/l287f1d33aab074157010cd04cb03cd77_reg_n_0_[6]) which is driven by a register (hostIF/core0/core0/l287f1d33aab074157010cd04cb03cd77_reg[6]) that has an active asychronous set or reset. This may cause corruption of the memory contents and/or read values when the set/reset is asserted and is not analyzed by the default static timing analysis. It is suggested to eliminate the use of a set/reset to registers driving this RAMB pin or else use a synchronous reset in which the assertion of the reset is timed by default.
Related violations: <none>

REQP-1839#3 Warning
RAMB36 async control check  
The RAMB36E1 hostIF/core0/core0/r0 has an input control pin hostIF/core0/core0/r0/ADDRARDADDR[12] (net: hostIF/core0/core0/l287f1d33aab074157010cd04cb03cd77_reg_n_0_[7]) which is driven by a register (hostIF/core0/core0/l287f1d33aab074157010cd04cb03cd77_reg[7]) that has an active asychronous set or reset. This may cause corruption of the memory contents and/or read values when the set/reset is asserted and is not analyzed by the default static timing analysis. It is suggested to eliminate the use of a set/reset to registers driving this RAMB pin or else use a synchronous reset in which the assertion of the reset is timed by default.
Related violations: <none>

REQP-1839#4 Warning
RAMB36 async control check  
The RAMB36E1 hostIF/core0/core0/r0 has an input control pin hostIF/core0/core0/r0/ADDRARDADDR[13] (net: hostIF/core0/core0/l287f1d33aab074157010cd04cb03cd77_reg_n_0_[8]) which is driven by a register (hostIF/core0/core0/l287f1d33aab074157010cd04cb03cd77_reg[8]) that has an active asychronous set or reset. This may cause corruption of the memory contents and/or read values when the set/reset is asserted and is not analyzed by the default static timing analysis. It is suggested to eliminate the use of a set/reset to registers driving this RAMB pin or else use a synchronous reset in which the assertion of the reset is timed by default.
Related violations: <none>

REQP-1839#5 Warning
RAMB36 async control check  
The RAMB36E1 hostIF/core0/core0/r0 has an input control pin hostIF/core0/core0/r0/ADDRARDADDR[5] (net: hostIF/core0/core0/l287f1d33aab074157010cd04cb03cd77_reg_n_0_[0]) which is driven by a register (hostIF/core0/core0/l287f1d33aab074157010cd04cb03cd77_reg[0]) that has an active asychronous set or reset. This may cause corruption of the memory contents and/or read values when the set/reset is asserted and is not analyzed by the default static timing analysis. It is suggested to eliminate the use of a set/reset to registers driving this RAMB pin or else use a synchronous reset in which the assertion of the reset is timed by default.
Related violations: <none>

REQP-1839#6 Warning
RAMB36 async control check  
The RAMB36E1 hostIF/core0/core0/r0 has an input control pin hostIF/core0/core0/r0/ADDRARDADDR[6] (net: hostIF/core0/core0/l287f1d33aab074157010cd04cb03cd77_reg_n_0_[1]) which is driven by a register (hostIF/core0/core0/l287f1d33aab074157010cd04cb03cd77_reg[1]) that has an active asychronous set or reset. This may cause corruption of the memory contents and/or read values when the set/reset is asserted and is not analyzed by the default static timing analysis. It is suggested to eliminate the use of a set/reset to registers driving this RAMB pin or else use a synchronous reset in which the assertion of the reset is timed by default.
Related violations: <none>

REQP-1839#7 Warning
RAMB36 async control check  
The RAMB36E1 hostIF/core0/core0/r0 has an input control pin hostIF/core0/core0/r0/ADDRARDADDR[7] (net: hostIF/core0/core0/l287f1d33aab074157010cd04cb03cd77_reg_n_0_[2]) which is driven by a register (hostIF/core0/core0/l287f1d33aab074157010cd04cb03cd77_reg[2]) that has an active asychronous set or reset. This may cause corruption of the memory contents and/or read values when the set/reset is asserted and is not analyzed by the default static timing analysis. It is suggested to eliminate the use of a set/reset to registers driving this RAMB pin or else use a synchronous reset in which the assertion of the reset is timed by default.
Related violations: <none>

REQP-1839#8 Warning
RAMB36 async control check  
The RAMB36E1 hostIF/core0/core0/r0 has an input control pin hostIF/core0/core0/r0/ADDRARDADDR[8] (net: hostIF/core0/core0/l287f1d33aab074157010cd04cb03cd77_reg_n_0_[3]) which is driven by a register (hostIF/core0/core0/l287f1d33aab074157010cd04cb03cd77_reg[3]) that has an active asychronous set or reset. This may cause corruption of the memory contents and/or read values when the set/reset is asserted and is not analyzed by the default static timing analysis. It is suggested to eliminate the use of a set/reset to registers driving this RAMB pin or else use a synchronous reset in which the assertion of the reset is timed by default.
Related violations: <none>

REQP-1839#9 Warning
RAMB36 async control check  
The RAMB36E1 hostIF/core0/core0/r0 has an input control pin hostIF/core0/core0/r0/ADDRARDADDR[9] (net: hostIF/core0/core0/l287f1d33aab074157010cd04cb03cd77_reg_n_0_[4]) which is driven by a register (hostIF/core0/core0/l287f1d33aab074157010cd04cb03cd77_reg[4]) that has an active asychronous set or reset. This may cause corruption of the memory contents and/or read values when the set/reset is asserted and is not analyzed by the default static timing analysis. It is suggested to eliminate the use of a set/reset to registers driving this RAMB pin or else use a synchronous reset in which the assertion of the reset is timed by default.
Related violations: <none>

REQP-1839#10 Warning
RAMB36 async control check  
The RAMB36E1 hostIF/core0/core0/r0 has an input control pin hostIF/core0/core0/r0/ADDRBWRADDR[10] (net: hostIF/core0/core0/l287f1d33aab074157010cd04cb03cd77_reg_n_0_[5]) which is driven by a register (hostIF/core0/core0/l287f1d33aab074157010cd04cb03cd77_reg[5]) that has an active asychronous set or reset. This may cause corruption of the memory contents and/or read values when the set/reset is asserted and is not analyzed by the default static timing analysis. It is suggested to eliminate the use of a set/reset to registers driving this RAMB pin or else use a synchronous reset in which the assertion of the reset is timed by default.
Related violations: <none>

REQP-1839#11 Warning
RAMB36 async control check  
The RAMB36E1 hostIF/core0/core0/r0 has an input control pin hostIF/core0/core0/r0/ADDRBWRADDR[11] (net: hostIF/core0/core0/l287f1d33aab074157010cd04cb03cd77_reg_n_0_[6]) which is driven by a register (hostIF/core0/core0/l287f1d33aab074157010cd04cb03cd77_reg[6]) that has an active asychronous set or reset. This may cause corruption of the memory contents and/or read values when the set/reset is asserted and is not analyzed by the default static timing analysis. It is suggested to eliminate the use of a set/reset to registers driving this RAMB pin or else use a synchronous reset in which the assertion of the reset is timed by default.
Related violations: <none>

REQP-1839#12 Warning
RAMB36 async control check  
The RAMB36E1 hostIF/core0/core0/r0 has an input control pin hostIF/core0/core0/r0/ADDRBWRADDR[12] (net: hostIF/core0/core0/l287f1d33aab074157010cd04cb03cd77_reg_n_0_[7]) which is driven by a register (hostIF/core0/core0/l287f1d33aab074157010cd04cb03cd77_reg[7]) that has an active asychronous set or reset. This may cause corruption of the memory contents and/or read values when the set/reset is asserted and is not analyzed by the default static timing analysis. It is suggested to eliminate the use of a set/reset to registers driving this RAMB pin or else use a synchronous reset in which the assertion of the reset is timed by default.
Related violations: <none>

REQP-1839#13 Warning
RAMB36 async control check  
The RAMB36E1 hostIF/core0/core0/r0 has an input control pin hostIF/core0/core0/r0/ADDRBWRADDR[13] (net: hostIF/core0/core0/l287f1d33aab074157010cd04cb03cd77_reg_n_0_[8]) which is driven by a register (hostIF/core0/core0/l287f1d33aab074157010cd04cb03cd77_reg[8]) that has an active asychronous set or reset. This may cause corruption of the memory contents and/or read values when the set/reset is asserted and is not analyzed by the default static timing analysis. It is suggested to eliminate the use of a set/reset to registers driving this RAMB pin or else use a synchronous reset in which the assertion of the reset is timed by default.
Related violations: <none>

REQP-1839#14 Warning
RAMB36 async control check  
The RAMB36E1 hostIF/core0/core0/r0 has an input control pin hostIF/core0/core0/r0/ADDRBWRADDR[5] (net: hostIF/core0/core0/l287f1d33aab074157010cd04cb03cd77_reg_n_0_[0]) which is driven by a register (hostIF/core0/core0/l287f1d33aab074157010cd04cb03cd77_reg[0]) that has an active asychronous set or reset. This may cause corruption of the memory contents and/or read values when the set/reset is asserted and is not analyzed by the default static timing analysis. It is suggested to eliminate the use of a set/reset to registers driving this RAMB pin or else use a synchronous reset in which the assertion of the reset is timed by default.
Related violations: <none>

REQP-1839#15 Warning
RAMB36 async control check  
The RAMB36E1 hostIF/core0/core0/r0 has an input control pin hostIF/core0/core0/r0/ADDRBWRADDR[6] (net: hostIF/core0/core0/l287f1d33aab074157010cd04cb03cd77_reg_n_0_[1]) which is driven by a register (hostIF/core0/core0/l287f1d33aab074157010cd04cb03cd77_reg[1]) that has an active asychronous set or reset. This may cause corruption of the memory contents and/or read values when the set/reset is asserted and is not analyzed by the default static timing analysis. It is suggested to eliminate the use of a set/reset to registers driving this RAMB pin or else use a synchronous reset in which the assertion of the reset is timed by default.
Related violations: <none>

REQP-1839#16 Warning
RAMB36 async control check  
The RAMB36E1 hostIF/core0/core0/r0 has an input control pin hostIF/core0/core0/r0/ADDRBWRADDR[7] (net: hostIF/core0/core0/l287f1d33aab074157010cd04cb03cd77_reg_n_0_[2]) which is driven by a register (hostIF/core0/core0/l287f1d33aab074157010cd04cb03cd77_reg[2]) that has an active asychronous set or reset. This may cause corruption of the memory contents and/or read values when the set/reset is asserted and is not analyzed by the default static timing analysis. It is suggested to eliminate the use of a set/reset to registers driving this RAMB pin or else use a synchronous reset in which the assertion of the reset is timed by default.
Related violations: <none>

REQP-1839#17 Warning
RAMB36 async control check  
The RAMB36E1 hostIF/core0/core0/r0 has an input control pin hostIF/core0/core0/r0/ADDRBWRADDR[8] (net: hostIF/core0/core0/l287f1d33aab074157010cd04cb03cd77_reg_n_0_[3]) which is driven by a register (hostIF/core0/core0/l287f1d33aab074157010cd04cb03cd77_reg[3]) that has an active asychronous set or reset. This may cause corruption of the memory contents and/or read values when the set/reset is asserted and is not analyzed by the default static timing analysis. It is suggested to eliminate the use of a set/reset to registers driving this RAMB pin or else use a synchronous reset in which the assertion of the reset is timed by default.
Related violations: <none>

REQP-1839#18 Warning
RAMB36 async control check  
The RAMB36E1 hostIF/core0/core0/r0 has an input control pin hostIF/core0/core0/r0/ADDRBWRADDR[9] (net: hostIF/core0/core0/l287f1d33aab074157010cd04cb03cd77_reg_n_0_[4]) which is driven by a register (hostIF/core0/core0/l287f1d33aab074157010cd04cb03cd77_reg[4]) that has an active asychronous set or reset. This may cause corruption of the memory contents and/or read values when the set/reset is asserted and is not analyzed by the default static timing analysis. It is suggested to eliminate the use of a set/reset to registers driving this RAMB pin or else use a synchronous reset in which the assertion of the reset is timed by default.
Related violations: <none>

REQP-1839#19 Warning
RAMB36 async control check  
The RAMB36E1 hostIF/core0/core0/r0 has an input control pin hostIF/core0/core0/r0/ENBWREN (net: hostIF/core0/core0/l2fd7e1a4c1a262bf4062db5f061b7878) which is driven by a register (hostIF/core0/core0/l2fd7e1a4c1a262bf4062db5f061b7878_reg) that has an active asychronous set or reset. This may cause corruption of the memory contents and/or read values when the set/reset is asserted and is not analyzed by the default static timing analysis. It is suggested to eliminate the use of a set/reset to registers driving this RAMB pin or else use a synchronous reset in which the assertion of the reset is timed by default.
Related violations: <none>

REQP-1839#20 Warning
RAMB36 async control check  
The RAMB36E1 hostIF/core0/core0/r0 has an input control pin hostIF/core0/core0/r0/WEBWE[2] (net: hostIF/core0/core0/l2fd7e1a4c1a262bf4062db5f061b7878) which is driven by a register (hostIF/core0/core0/l2fd7e1a4c1a262bf4062db5f061b7878_reg) that has an active asychronous set or reset. This may cause corruption of the memory contents and/or read values when the set/reset is asserted and is not analyzed by the default static timing analysis. It is suggested to eliminate the use of a set/reset to registers driving this RAMB pin or else use a synchronous reset in which the assertion of the reset is timed by default.
Related violations: <none>


